{"level":"info","message":"[TokenRefreshCron] Cron job started - runs every 6 hours","service":"whatsapp-saas","timestamp":"2026-03-16 15:27:03"}
{"level":"info","message":"[UsageLedgerCron] Cron job started - runs daily at 00:30 UTC","service":"whatsapp-saas","timestamp":"2026-03-16 15:27:03"}
{"level":"info","message":"[GupshupAppSync] Starting autosync jobs...","service":"whatsapp-saas","timestamp":"2026-03-16 15:27:03"}
{"level":"info","message":"[GupshupAppSync] ✅ Autosync jobs started","service":"whatsapp-saas","timestamp":"2026-03-16 15:27:03"}
{"level":"info","message":"[AutomationEngine] ✅ Automation engine started","service":"whatsapp-saas","timestamp":"2026-03-16 15:27:03"}
{"level":"info","message":"[MessageRetryQueue] ✅ Queue initialized: message-retry:development","service":"whatsapp-saas","timestamp":"2026-03-16 15:27:04"}
{"level":"info","message":"[PhoneThroughputMiddleware] Limiter initialized in fail-open mode (no Redis)","service":"whatsapp-saas","timestamp":"2026-03-16 15:28:12"}
{"delaySeconds":60,"jobId":"88","level":"info","message":"[MessageRetryQueue] Message enqueued for retry:","messageId":"69b7d439c5d4b6a5890eeb6c","retryCount":0,"service":"whatsapp-saas","timestamp":"2026-03-16 15:28:23"}
{"level":"info","message":"[TokenRefreshCron] Cron job started - runs every 6 hours","service":"whatsapp-saas","timestamp":"2026-03-16 15:30:50"}
{"level":"info","message":"[UsageLedgerCron] Cron job started - runs daily at 00:30 UTC","service":"whatsapp-saas","timestamp":"2026-03-16 15:30:50"}
{"level":"info","message":"[GupshupAppSync] Starting autosync jobs...","service":"whatsapp-saas","timestamp":"2026-03-16 15:30:50"}
{"level":"info","message":"[GupshupAppSync] ✅ Autosync jobs started","service":"whatsapp-saas","timestamp":"2026-03-16 15:30:50"}
{"level":"info","message":"[AutomationEngine] ✅ Automation engine started","service":"whatsapp-saas","timestamp":"2026-03-16 15:30:50"}
{"level":"info","message":"[MessageRetryQueue] ✅ Queue initialized: message-retry:development","service":"whatsapp-saas","timestamp":"2026-03-16 15:30:51"}
{"level":"info","message":"[TokenRefreshCron] Cron job started - runs every 6 hours","service":"whatsapp-saas","timestamp":"2026-03-16 15:31:04"}
{"level":"info","message":"[UsageLedgerCron] Cron job started - runs daily at 00:30 UTC","service":"whatsapp-saas","timestamp":"2026-03-16 15:31:04"}
{"level":"info","message":"[GupshupAppSync] Starting autosync jobs...","service":"whatsapp-saas","timestamp":"2026-03-16 15:31:04"}
{"level":"info","message":"[GupshupAppSync] ✅ Autosync jobs started","service":"whatsapp-saas","timestamp":"2026-03-16 15:31:04"}
{"level":"info","message":"[AutomationEngine] ✅ Automation engine started","service":"whatsapp-saas","timestamp":"2026-03-16 15:31:05"}
{"level":"info","message":"[MessageRetryQueue] ✅ Queue initialized: message-retry:development","service":"whatsapp-saas","timestamp":"2026-03-16 15:31:06"}
{"level":"info","message":"[TokenRefreshCron] Cron job started - runs every 6 hours","service":"whatsapp-saas","timestamp":"2026-03-16 15:31:10"}
{"level":"info","message":"[UsageLedgerCron] Cron job started - runs daily at 00:30 UTC","service":"whatsapp-saas","timestamp":"2026-03-16 15:31:10"}
{"level":"info","message":"[GupshupAppSync] Starting autosync jobs...","service":"whatsapp-saas","timestamp":"2026-03-16 15:31:10"}
{"level":"info","message":"[GupshupAppSync] ✅ Autosync jobs started","service":"whatsapp-saas","timestamp":"2026-03-16 15:31:10"}
{"level":"info","message":"[AutomationEngine] ✅ Automation engine started","service":"whatsapp-saas","timestamp":"2026-03-16 15:31:10"}
{"level":"info","message":"[MessageRetryQueue] ✅ Queue initialized: message-retry:development","service":"whatsapp-saas","timestamp":"2026-03-16 15:31:11"}
{"level":"info","message":"[TokenRefreshCron] Cron job started - runs every 6 hours","service":"whatsapp-saas","timestamp":"2026-03-16 15:31:28"}
{"level":"info","message":"[UsageLedgerCron] Cron job started - runs daily at 00:30 UTC","service":"whatsapp-saas","timestamp":"2026-03-16 15:31:28"}
{"level":"info","message":"[GupshupAppSync] Starting autosync jobs...","service":"whatsapp-saas","timestamp":"2026-03-16 15:31:28"}
{"level":"info","message":"[GupshupAppSync] ✅ Autosync jobs started","service":"whatsapp-saas","timestamp":"2026-03-16 15:31:28"}
{"level":"info","message":"[AutomationEngine] ✅ Automation engine started","service":"whatsapp-saas","timestamp":"2026-03-16 15:31:28"}
{"level":"info","message":"[MessageRetryQueue] ✅ Queue initialized: message-retry:development","service":"whatsapp-saas","timestamp":"2026-03-16 15:31:29"}
{"level":"info","message":"[TokenRefreshCron] Cron job started - runs every 6 hours","service":"whatsapp-saas","timestamp":"2026-03-16 15:31:43"}
{"level":"info","message":"[UsageLedgerCron] Cron job started - runs daily at 00:30 UTC","service":"whatsapp-saas","timestamp":"2026-03-16 15:31:43"}
{"level":"info","message":"[GupshupAppSync] Starting autosync jobs...","service":"whatsapp-saas","timestamp":"2026-03-16 15:31:43"}
{"level":"info","message":"[GupshupAppSync] ✅ Autosync jobs started","service":"whatsapp-saas","timestamp":"2026-03-16 15:31:43"}
{"level":"info","message":"[AutomationEngine] ✅ Automation engine started","service":"whatsapp-saas","timestamp":"2026-03-16 15:31:43"}
{"level":"info","message":"[MessageRetryQueue] ✅ Queue initialized: message-retry:development","service":"whatsapp-saas","timestamp":"2026-03-16 15:31:44"}
{"level":"info","message":"[TokenRefreshCron] Cron job started - runs every 6 hours","service":"whatsapp-saas","timestamp":"2026-03-16 15:32:11"}
{"level":"info","message":"[UsageLedgerCron] Cron job started - runs daily at 00:30 UTC","service":"whatsapp-saas","timestamp":"2026-03-16 15:32:11"}
{"level":"info","message":"[GupshupAppSync] Starting autosync jobs...","service":"whatsapp-saas","timestamp":"2026-03-16 15:32:11"}
{"level":"info","message":"[GupshupAppSync] ✅ Autosync jobs started","service":"whatsapp-saas","timestamp":"2026-03-16 15:32:11"}
{"level":"info","message":"[AutomationEngine] ✅ Automation engine started","service":"whatsapp-saas","timestamp":"2026-03-16 15:32:11"}
{"level":"info","message":"[MessageRetryQueue] ✅ Queue initialized: message-retry:development","service":"whatsapp-saas","timestamp":"2026-03-16 15:32:12"}
{"level":"info","message":"[PhoneThroughputMiddleware] Limiter initialized in fail-open mode (no Redis)","service":"whatsapp-saas","timestamp":"2026-03-16 15:32:30"}
{"conversationId":"69b1ad8604239c33cc0d2e61","ledgerId":"69b6bbd611c2d1e73c238a11","level":"info","message":"[BillingLedger] Message recorded in existing window","service":"whatsapp-saas","timestamp":"2026-03-16 15:32:52","window":"existing"}
{"conversationId":"69b1ad8604239c33cc0d2e61","ledgerId":"69b6bbd611c2d1e73c238a11","level":"info","message":"[BillingLedger] Message recorded in existing window","service":"whatsapp-saas","timestamp":"2026-03-16 15:35:05","window":"existing"}
{"level":"info","message":"[TokenRefreshCron] Cron job started - runs every 6 hours","service":"whatsapp-saas","timestamp":"2026-03-16 15:38:07"}
{"level":"info","message":"[UsageLedgerCron] Cron job started - runs daily at 00:30 UTC","service":"whatsapp-saas","timestamp":"2026-03-16 15:38:07"}
{"level":"info","message":"[GupshupAppSync] Starting autosync jobs...","service":"whatsapp-saas","timestamp":"2026-03-16 15:38:07"}
{"level":"info","message":"[GupshupAppSync] ✅ Autosync jobs started","service":"whatsapp-saas","timestamp":"2026-03-16 15:38:07"}
{"level":"info","message":"[AutomationEngine] ✅ Automation engine started","service":"whatsapp-saas","timestamp":"2026-03-16 15:38:07"}
{"level":"info","message":"[MessageRetryQueue] ✅ Queue initialized: message-retry:development","service":"whatsapp-saas","timestamp":"2026-03-16 15:38:09"}
{"level":"info","message":"[TokenRefreshCron] Cron job started - runs every 6 hours","service":"whatsapp-saas","timestamp":"2026-03-16 15:38:29"}
{"level":"info","message":"[UsageLedgerCron] Cron job started - runs daily at 00:30 UTC","service":"whatsapp-saas","timestamp":"2026-03-16 15:38:29"}
{"level":"info","message":"[GupshupAppSync] Starting autosync jobs...","service":"whatsapp-saas","timestamp":"2026-03-16 15:38:29"}
{"level":"info","message":"[GupshupAppSync] ✅ Autosync jobs started","service":"whatsapp-saas","timestamp":"2026-03-16 15:38:29"}
{"level":"info","message":"[AutomationEngine] ✅ Automation engine started","service":"whatsapp-saas","timestamp":"2026-03-16 15:38:29"}
{"level":"info","message":"[MessageRetryQueue] ✅ Queue initialized: message-retry:development","service":"whatsapp-saas","timestamp":"2026-03-16 15:38:30"}
{"level":"info","message":"[TokenRefreshCron] Cron job started - runs every 6 hours","service":"whatsapp-saas","timestamp":"2026-03-16 15:38:41"}
{"level":"info","message":"[UsageLedgerCron] Cron job started - runs daily at 00:30 UTC","service":"whatsapp-saas","timestamp":"2026-03-16 15:38:41"}
{"level":"info","message":"[GupshupAppSync] Starting autosync jobs...","service":"whatsapp-saas","timestamp":"2026-03-16 15:38:41"}
{"level":"info","message":"[GupshupAppSync] ✅ Autosync jobs started","service":"whatsapp-saas","timestamp":"2026-03-16 15:38:41"}
{"level":"info","message":"[AutomationEngine] ✅ Automation engine started","service":"whatsapp-saas","timestamp":"2026-03-16 15:38:41"}
{"level":"info","message":"[MessageRetryQueue] ✅ Queue initialized: message-retry:development","service":"whatsapp-saas","timestamp":"2026-03-16 15:38:42"}
{"level":"info","message":"[TokenRefreshCron] Cron job started - runs every 6 hours","service":"whatsapp-saas","timestamp":"2026-03-16 15:38:48"}
{"level":"info","message":"[UsageLedgerCron] Cron job started - runs daily at 00:30 UTC","service":"whatsapp-saas","timestamp":"2026-03-16 15:38:48"}
{"level":"info","message":"[GupshupAppSync] Starting autosync jobs...","service":"whatsapp-saas","timestamp":"2026-03-16 15:38:48"}
{"level":"info","message":"[GupshupAppSync] ✅ Autosync jobs started","service":"whatsapp-saas","timestamp":"2026-03-16 15:38:48"}
{"level":"info","message":"[AutomationEngine] ✅ Automation engine started","service":"whatsapp-saas","timestamp":"2026-03-16 15:38:49"}
{"level":"info","message":"[MessageRetryQueue] ✅ Queue initialized: message-retry:development","service":"whatsapp-saas","timestamp":"2026-03-16 15:38:49"}
{"level":"info","message":"[PhoneThroughputMiddleware] Limiter initialized in fail-open mode (no Redis)","service":"whatsapp-saas","timestamp":"2026-03-16 15:48:46"}
{"conversationId":"69b1ad8604239c33cc0d2e61","ledgerId":"69b6bbd611c2d1e73c238a11","level":"info","message":"[BillingLedger] Message recorded in existing window","service":"whatsapp-saas","timestamp":"2026-03-16 15:49:08","window":"existing"}
{"level":"info","message":"[TokenRefreshCron] Cron job started - runs every 6 hours","service":"whatsapp-saas","timestamp":"2026-03-16 15:55:22"}
{"level":"info","message":"[UsageLedgerCron] Cron job started - runs daily at 00:30 UTC","service":"whatsapp-saas","timestamp":"2026-03-16 15:55:22"}
{"level":"info","message":"[GupshupAppSync] Starting autosync jobs...","service":"whatsapp-saas","timestamp":"2026-03-16 15:55:22"}
{"level":"info","message":"[GupshupAppSync] ✅ Autosync jobs started","service":"whatsapp-saas","timestamp":"2026-03-16 15:55:22"}
{"level":"info","message":"[AutomationEngine] ✅ Automation engine started","service":"whatsapp-saas","timestamp":"2026-03-16 15:55:23"}
{"level":"info","message":"[MessageRetryQueue] ✅ Queue initialized: message-retry:development","service":"whatsapp-saas","timestamp":"2026-03-16 15:55:24"}
{"level":"info","message":"[TokenRefreshCron] Cron job started - runs every 6 hours","service":"whatsapp-saas","timestamp":"2026-03-16 15:56:01"}
{"level":"info","message":"[UsageLedgerCron] Cron job started - runs daily at 00:30 UTC","service":"whatsapp-saas","timestamp":"2026-03-16 15:56:01"}
{"level":"info","message":"[GupshupAppSync] Starting autosync jobs...","service":"whatsapp-saas","timestamp":"2026-03-16 15:56:01"}
{"level":"info","message":"[GupshupAppSync] ✅ Autosync jobs started","service":"whatsapp-saas","timestamp":"2026-03-16 15:56:01"}
{"level":"info","message":"[AutomationEngine] ✅ Automation engine started","service":"whatsapp-saas","timestamp":"2026-03-16 15:56:02"}
{"level":"info","message":"[MessageRetryQueue] ✅ Queue initialized: message-retry:development","service":"whatsapp-saas","timestamp":"2026-03-16 15:56:03"}
{"level":"info","message":"[TokenRefreshCron] Cron job started - runs every 6 hours","service":"whatsapp-saas","timestamp":"2026-03-16 15:56:38"}
{"level":"info","message":"[UsageLedgerCron] Cron job started - runs daily at 00:30 UTC","service":"whatsapp-saas","timestamp":"2026-03-16 15:56:38"}
{"level":"info","message":"[GupshupAppSync] Starting autosync jobs...","service":"whatsapp-saas","timestamp":"2026-03-16 15:56:38"}
{"level":"info","message":"[GupshupAppSync] ✅ Autosync jobs started","service":"whatsapp-saas","timestamp":"2026-03-16 15:56:38"}
{"level":"info","message":"[AutomationEngine] ✅ Automation engine started","service":"whatsapp-saas","timestamp":"2026-03-16 15:56:38"}
{"level":"info","message":"[MessageRetryQueue] ✅ Queue initialized: message-retry:development","service":"whatsapp-saas","timestamp":"2026-03-16 15:56:39"}
{"level":"info","message":"[TokenRefreshCron] Cron job started - runs every 6 hours","service":"whatsapp-saas","timestamp":"2026-03-16 15:56:54"}
{"level":"info","message":"[UsageLedgerCron] Cron job started - runs daily at 00:30 UTC","service":"whatsapp-saas","timestamp":"2026-03-16 15:56:54"}
{"level":"info","message":"[GupshupAppSync] Starting autosync jobs...","service":"whatsapp-saas","timestamp":"2026-03-16 15:56:54"}
{"level":"info","message":"[GupshupAppSync] ✅ Autosync jobs started","service":"whatsapp-saas","timestamp":"2026-03-16 15:56:54"}
{"level":"info","message":"[AutomationEngine] ✅ Automation engine started","service":"whatsapp-saas","timestamp":"2026-03-16 15:56:54"}
{"level":"info","message":"[MessageRetryQueue] ✅ Queue initialized: message-retry:development","service":"whatsapp-saas","timestamp":"2026-03-16 15:56:55"}
{"level":"info","message":"[TokenRefreshCron] Cron job started - runs every 6 hours","service":"whatsapp-saas","timestamp":"2026-03-16 15:57:23"}
{"level":"info","message":"[UsageLedgerCron] Cron job started - runs daily at 00:30 UTC","service":"whatsapp-saas","timestamp":"2026-03-16 15:57:23"}
{"level":"info","message":"[GupshupAppSync] Starting autosync jobs...","service":"whatsapp-saas","timestamp":"2026-03-16 15:57:23"}
{"level":"info","message":"[GupshupAppSync] ✅ Autosync jobs started","service":"whatsapp-saas","timestamp":"2026-03-16 15:57:23"}
{"level":"info","message":"[AutomationEngine] ✅ Automation engine started","service":"whatsapp-saas","timestamp":"2026-03-16 15:57:23"}
{"level":"info","message":"[MessageRetryQueue] ✅ Queue initialized: message-retry:development","service":"whatsapp-saas","timestamp":"2026-03-16 15:57:25"}
{"level":"info","message":"[TokenRefreshCron] Cron job started - runs every 6 hours","service":"whatsapp-saas","timestamp":"2026-03-16 15:59:58"}
{"level":"info","message":"[UsageLedgerCron] Cron job started - runs daily at 00:30 UTC","service":"whatsapp-saas","timestamp":"2026-03-16 15:59:58"}
{"level":"info","message":"[GupshupAppSync] Starting autosync jobs...","service":"whatsapp-saas","timestamp":"2026-03-16 15:59:58"}
{"level":"info","message":"[GupshupAppSync] ✅ Autosync jobs started","service":"whatsapp-saas","timestamp":"2026-03-16 15:59:58"}
{"level":"info","message":"[AutomationEngine] ✅ Automation engine started","service":"whatsapp-saas","timestamp":"2026-03-16 15:59:58"}
{"level":"info","message":"[MessageRetryQueue] ✅ Queue initialized: message-retry:development","service":"whatsapp-saas","timestamp":"2026-03-16 15:59:59"}
{"level":"info","message":"[TokenRefreshCron] Cron job started - runs every 6 hours","service":"whatsapp-saas","timestamp":"2026-03-16 16:00:34"}
{"level":"info","message":"[UsageLedgerCron] Cron job started - runs daily at 00:30 UTC","service":"whatsapp-saas","timestamp":"2026-03-16 16:00:34"}
{"level":"info","message":"[GupshupAppSync] Starting autosync jobs...","service":"whatsapp-saas","timestamp":"2026-03-16 16:00:34"}
{"level":"info","message":"[GupshupAppSync] ✅ Autosync jobs started","service":"whatsapp-saas","timestamp":"2026-03-16 16:00:34"}
{"level":"info","message":"[AutomationEngine] ✅ Automation engine started","service":"whatsapp-saas","timestamp":"2026-03-16 16:00:34"}
{"level":"info","message":"[MessageRetryQueue] ✅ Queue initialized: message-retry:development","service":"whatsapp-saas","timestamp":"2026-03-16 16:00:35"}
{"level":"info","message":"[PhoneThroughputMiddleware] Limiter initialized in fail-open mode (no Redis)","service":"whatsapp-saas","timestamp":"2026-03-16 16:01:34"}
{"delaySeconds":60,"jobId":"89","level":"info","message":"[MessageRetryQueue] Message enqueued for retry:","messageId":"69b7dc093f5fe45d7420f66b","retryCount":0,"service":"whatsapp-saas","timestamp":"2026-03-16 16:01:40"}
{"delaySeconds":60,"jobId":"90","level":"info","message":"[MessageRetryQueue] Message enqueued for retry:","messageId":"69b7dc113f5fe45d7420f683","retryCount":0,"service":"whatsapp-saas","timestamp":"2026-03-16 16:01:47"}
{"level":"info","message":"[TokenRefreshCron] Cron job started - runs every 6 hours","service":"whatsapp-saas","timestamp":"2026-03-16 16:04:26"}
{"level":"info","message":"[UsageLedgerCron] Cron job started - runs daily at 00:30 UTC","service":"whatsapp-saas","timestamp":"2026-03-16 16:04:26"}
{"level":"info","message":"[GupshupAppSync] Starting autosync jobs...","service":"whatsapp-saas","timestamp":"2026-03-16 16:04:26"}
{"level":"info","message":"[GupshupAppSync] ✅ Autosync jobs started","service":"whatsapp-saas","timestamp":"2026-03-16 16:04:26"}
{"level":"info","message":"[AutomationEngine] ✅ Automation engine started","service":"whatsapp-saas","timestamp":"2026-03-16 16:04:27"}
{"level":"info","message":"[MessageRetryQueue] ✅ Queue initialized: message-retry:development","service":"whatsapp-saas","timestamp":"2026-03-16 16:04:27"}
{"level":"info","message":"[TokenRefreshCron] Cron job started - runs every 6 hours","service":"whatsapp-saas","timestamp":"2026-03-16 16:07:43"}
{"level":"info","message":"[UsageLedgerCron] Cron job started - runs daily at 00:30 UTC","service":"whatsapp-saas","timestamp":"2026-03-16 16:07:43"}
{"level":"info","message":"[GupshupAppSync] Starting autosync jobs...","service":"whatsapp-saas","timestamp":"2026-03-16 16:07:43"}
{"level":"info","message":"[GupshupAppSync] ✅ Autosync jobs started","service":"whatsapp-saas","timestamp":"2026-03-16 16:07:43"}
{"level":"info","message":"[AutomationEngine] ✅ Automation engine started","service":"whatsapp-saas","timestamp":"2026-03-16 16:07:43"}
{"level":"info","message":"[MessageRetryQueue] ✅ Queue initialized: message-retry:development","service":"whatsapp-saas","timestamp":"2026-03-16 16:07:44"}
{"level":"info","message":"[TokenRefreshCron] Cron job started - runs every 6 hours","service":"whatsapp-saas","timestamp":"2026-03-16 16:07:48"}
{"level":"info","message":"[UsageLedgerCron] Cron job started - runs daily at 00:30 UTC","service":"whatsapp-saas","timestamp":"2026-03-16 16:07:48"}
{"level":"info","message":"[GupshupAppSync] Starting autosync jobs...","service":"whatsapp-saas","timestamp":"2026-03-16 16:07:48"}
{"level":"info","message":"[GupshupAppSync] ✅ Autosync jobs started","service":"whatsapp-saas","timestamp":"2026-03-16 16:07:48"}
{"level":"info","message":"[AutomationEngine] ✅ Automation engine started","service":"whatsapp-saas","timestamp":"2026-03-16 16:07:48"}
{"level":"info","message":"[MessageRetryQueue] ✅ Queue initialized: message-retry:development","service":"whatsapp-saas","timestamp":"2026-03-16 16:07:49"}
{"level":"info","message":"[TokenRefreshCron] Cron job started - runs every 6 hours","service":"whatsapp-saas","timestamp":"2026-03-16 16:08:43"}
{"level":"info","message":"[UsageLedgerCron] Cron job started - runs daily at 00:30 UTC","service":"whatsapp-saas","timestamp":"2026-03-16 16:08:43"}
{"level":"info","message":"[GupshupAppSync] Starting autosync jobs...","service":"whatsapp-saas","timestamp":"2026-03-16 16:08:43"}
{"level":"info","message":"[GupshupAppSync] ✅ Autosync jobs started","service":"whatsapp-saas","timestamp":"2026-03-16 16:08:43"}
{"level":"info","message":"[AutomationEngine] ✅ Automation engine started","service":"whatsapp-saas","timestamp":"2026-03-16 16:08:43"}
{"level":"info","message":"[MessageRetryQueue] ✅ Queue initialized: message-retry:development","service":"whatsapp-saas","timestamp":"2026-03-16 16:08:44"}
{"level":"info","message":"[TokenRefreshCron] Cron job started - runs every 6 hours","service":"whatsapp-saas","timestamp":"2026-03-16 16:09:03"}
{"level":"info","message":"[UsageLedgerCron] Cron job started - runs daily at 00:30 UTC","service":"whatsapp-saas","timestamp":"2026-03-16 16:09:03"}
{"level":"info","message":"[GupshupAppSync] Starting autosync jobs...","service":"whatsapp-saas","timestamp":"2026-03-16 16:09:03"}
{"level":"info","message":"[GupshupAppSync] ✅ Autosync jobs started","service":"whatsapp-saas","timestamp":"2026-03-16 16:09:03"}
{"level":"info","message":"[AutomationEngine] ✅ Automation engine started","service":"whatsapp-saas","timestamp":"2026-03-16 16:09:03"}
{"level":"info","message":"[MessageRetryQueue] ✅ Queue initialized: message-retry:development","service":"whatsapp-saas","timestamp":"2026-03-16 16:09:04"}
{"level":"info","message":"[TokenRefreshCron] Cron job started - runs every 6 hours","service":"whatsapp-saas","timestamp":"2026-03-16 16:09:07"}
{"level":"info","message":"[UsageLedgerCron] Cron job started - runs daily at 00:30 UTC","service":"whatsapp-saas","timestamp":"2026-03-16 16:09:07"}
{"level":"info","message":"[GupshupAppSync] Starting autosync jobs...","service":"whatsapp-saas","timestamp":"2026-03-16 16:09:07"}
{"level":"info","message":"[GupshupAppSync] ✅ Autosync jobs started","service":"whatsapp-saas","timestamp":"2026-03-16 16:09:07"}
{"level":"info","message":"[AutomationEngine] ✅ Automation engine started","service":"whatsapp-saas","timestamp":"2026-03-16 16:09:08"}
{"level":"info","message":"[MessageRetryQueue] ✅ Queue initialized: message-retry:development","service":"whatsapp-saas","timestamp":"2026-03-16 16:09:08"}
{"level":"info","message":"[TokenRefreshCron] Cron job started - runs every 6 hours","service":"whatsapp-saas","timestamp":"2026-03-16 16:09:18"}
{"level":"info","message":"[UsageLedgerCron] Cron job started - runs daily at 00:30 UTC","service":"whatsapp-saas","timestamp":"2026-03-16 16:09:18"}
{"level":"info","message":"[GupshupAppSync] Starting autosync jobs...","service":"whatsapp-saas","timestamp":"2026-03-16 16:09:18"}
{"level":"info","message":"[GupshupAppSync] ✅ Autosync jobs started","service":"whatsapp-saas","timestamp":"2026-03-16 16:09:18"}
{"level":"info","message":"[AutomationEngine] ✅ Automation engine started","service":"whatsapp-saas","timestamp":"2026-03-16 16:09:20"}
{"level":"info","message":"[MessageRetryQueue] ✅ Queue initialized: message-retry:development","service":"whatsapp-saas","timestamp":"2026-03-16 16:09:21"}
{"level":"info","message":"[TokenRefreshCron] Cron job started - runs every 6 hours","service":"whatsapp-saas","timestamp":"2026-03-16 16:13:49"}
{"level":"info","message":"[UsageLedgerCron] Cron job started - runs daily at 00:30 UTC","service":"whatsapp-saas","timestamp":"2026-03-16 16:13:49"}
{"level":"info","message":"[GupshupAppSync] Starting autosync jobs...","service":"whatsapp-saas","timestamp":"2026-03-16 16:13:49"}
{"level":"info","message":"[GupshupAppSync] ✅ Autosync jobs started","service":"whatsapp-saas","timestamp":"2026-03-16 16:13:49"}
{"level":"info","message":"[AutomationEngine] ✅ Automation engine started","service":"whatsapp-saas","timestamp":"2026-03-16 16:13:49"}
{"level":"info","message":"[MessageRetryQueue] ✅ Queue initialized: message-retry:development","service":"whatsapp-saas","timestamp":"2026-03-16 16:13:49"}
{"level":"info","message":"[TokenRefreshCron] Cron job started - runs every 6 hours","service":"whatsapp-saas","timestamp":"2026-03-16 16:15:31"}
{"level":"info","message":"[UsageLedgerCron] Cron job started - runs daily at 00:30 UTC","service":"whatsapp-saas","timestamp":"2026-03-16 16:15:31"}
{"level":"info","message":"[GupshupAppSync] Starting autosync jobs...","service":"whatsapp-saas","timestamp":"2026-03-16 16:15:31"}
{"level":"info","message":"[GupshupAppSync] ✅ Autosync jobs started","service":"whatsapp-saas","timestamp":"2026-03-16 16:15:31"}
{"level":"info","message":"[AutomationEngine] ✅ Automation engine started","service":"whatsapp-saas","timestamp":"2026-03-16 16:15:31"}
{"level":"info","message":"[MessageRetryQueue] ✅ Queue initialized: message-retry:development","service":"whatsapp-saas","timestamp":"2026-03-16 16:15:32"}
{"level":"info","message":"[TokenRefreshCron] Cron job started - runs every 6 hours","service":"whatsapp-saas","timestamp":"2026-03-16 16:16:07"}
{"level":"info","message":"[UsageLedgerCron] Cron job started - runs daily at 00:30 UTC","service":"whatsapp-saas","timestamp":"2026-03-16 16:16:07"}
{"level":"info","message":"[GupshupAppSync] Starting autosync jobs...","service":"whatsapp-saas","timestamp":"2026-03-16 16:16:07"}
{"level":"info","message":"[GupshupAppSync] ✅ Autosync jobs started","service":"whatsapp-saas","timestamp":"2026-03-16 16:16:07"}
{"level":"info","message":"[AutomationEngine] ✅ Automation engine started","service":"whatsapp-saas","timestamp":"2026-03-16 16:16:07"}
{"level":"info","message":"[MessageRetryQueue] ✅ Queue initialized: message-retry:development","service":"whatsapp-saas","timestamp":"2026-03-16 16:16:08"}
{"level":"info","message":"[PhoneThroughputMiddleware] Limiter initialized in fail-open mode (no Redis)","service":"whatsapp-saas","timestamp":"2026-03-16 16:20:13"}
{"conversationId":"69b1ad8604239c33cc0d2e61","ledgerId":"69b6bbd611c2d1e73c238a11","level":"info","message":"[BillingLedger] Message recorded in existing window","service":"whatsapp-saas","timestamp":"2026-03-16 16:20:26","window":"existing"}
{"level":"info","message":"[TokenRefreshCron] Cron job started - runs every 6 hours","service":"whatsapp-saas","timestamp":"2026-03-16 16:23:19"}
{"level":"info","message":"[UsageLedgerCron] Cron job started - runs daily at 00:30 UTC","service":"whatsapp-saas","timestamp":"2026-03-16 16:23:19"}
{"level":"info","message":"[GupshupAppSync] Starting autosync jobs...","service":"whatsapp-saas","timestamp":"2026-03-16 16:23:19"}
{"level":"info","message":"[GupshupAppSync] ✅ Autosync jobs started","service":"whatsapp-saas","timestamp":"2026-03-16 16:23:19"}
{"level":"info","message":"[AutomationEngine] ✅ Automation engine started","service":"whatsapp-saas","timestamp":"2026-03-16 16:23:19"}
{"level":"info","message":"[MessageRetryQueue] ✅ Queue initialized: message-retry:development","service":"whatsapp-saas","timestamp":"2026-03-16 16:23:19"}
{"level":"info","message":"[TokenRefreshCron] Cron job started - runs every 6 hours","service":"whatsapp-saas","timestamp":"2026-03-16 16:23:24"}
{"level":"info","message":"[UsageLedgerCron] Cron job started - runs daily at 00:30 UTC","service":"whatsapp-saas","timestamp":"2026-03-16 16:23:24"}
{"level":"info","message":"[GupshupAppSync] Starting autosync jobs...","service":"whatsapp-saas","timestamp":"2026-03-16 16:23:24"}
{"level":"info","message":"[GupshupAppSync] ✅ Autosync jobs started","service":"whatsapp-saas","timestamp":"2026-03-16 16:23:24"}
{"level":"info","message":"[AutomationEngine] ✅ Automation engine started","service":"whatsapp-saas","timestamp":"2026-03-16 16:23:24"}
{"level":"info","message":"[MessageRetryQueue] ✅ Queue initialized: message-retry:development","service":"whatsapp-saas","timestamp":"2026-03-16 16:23:25"}
{"level":"info","message":"[TokenRefreshCron] Cron job started - runs every 6 hours","service":"whatsapp-saas","timestamp":"2026-03-16 16:23:50"}
{"level":"info","message":"[UsageLedgerCron] Cron job started - runs daily at 00:30 UTC","service":"whatsapp-saas","timestamp":"2026-03-16 16:23:50"}
{"level":"info","message":"[GupshupAppSync] Starting autosync jobs...","service":"whatsapp-saas","timestamp":"2026-03-16 16:23:50"}
{"level":"info","message":"[GupshupAppSync] ✅ Autosync jobs started","service":"whatsapp-saas","timestamp":"2026-03-16 16:23:50"}
{"level":"info","message":"[AutomationEngine] ✅ Automation engine started","service":"whatsapp-saas","timestamp":"2026-03-16 16:23:50"}
{"level":"info","message":"[MessageRetryQueue] ✅ Queue initialized: message-retry:development","service":"whatsapp-saas","timestamp":"2026-03-16 16:23:51"}
{"level":"info","message":"[TokenRefreshCron] Cron job started - runs every 6 hours","service":"whatsapp-saas","timestamp":"2026-03-16 16:23:56"}
{"level":"info","message":"[UsageLedgerCron] Cron job started - runs daily at 00:30 UTC","service":"whatsapp-saas","timestamp":"2026-03-16 16:23:56"}
{"level":"info","message":"[GupshupAppSync] Starting autosync jobs...","service":"whatsapp-saas","timestamp":"2026-03-16 16:23:56"}
{"level":"info","message":"[GupshupAppSync] ✅ Autosync jobs started","service":"whatsapp-saas","timestamp":"2026-03-16 16:23:56"}
{"level":"info","message":"[AutomationEngine] ✅ Automation engine started","service":"whatsapp-saas","timestamp":"2026-03-16 16:23:56"}
{"level":"info","message":"[MessageRetryQueue] ✅ Queue initialized: message-retry:development","service":"whatsapp-saas","timestamp":"2026-03-16 16:23:57"}
{"level":"info","message":"[TokenRefreshCron] Cron job started - runs every 6 hours","service":"whatsapp-saas","timestamp":"2026-03-16 16:24:14"}
{"level":"info","message":"[UsageLedgerCron] Cron job started - runs daily at 00:30 UTC","service":"whatsapp-saas","timestamp":"2026-03-16 16:24:14"}
{"level":"info","message":"[GupshupAppSync] Starting autosync jobs...","service":"whatsapp-saas","timestamp":"2026-03-16 16:24:14"}
{"level":"info","message":"[GupshupAppSync] ✅ Autosync jobs started","service":"whatsapp-saas","timestamp":"2026-03-16 16:24:14"}
{"level":"info","message":"[AutomationEngine] ✅ Automation engine started","service":"whatsapp-saas","timestamp":"2026-03-16 16:24:15"}
{"level":"info","message":"[MessageRetryQueue] ✅ Queue initialized: message-retry:development","service":"whatsapp-saas","timestamp":"2026-03-16 16:24:16"}
{"level":"info","message":"[TokenRefreshCron] Cron job started - runs every 6 hours","service":"whatsapp-saas","timestamp":"2026-03-16 16:24:21"}
{"level":"info","message":"[UsageLedgerCron] Cron job started - runs daily at 00:30 UTC","service":"whatsapp-saas","timestamp":"2026-03-16 16:24:21"}
{"level":"info","message":"[GupshupAppSync] Starting autosync jobs...","service":"whatsapp-saas","timestamp":"2026-03-16 16:24:21"}
{"level":"info","message":"[GupshupAppSync] ✅ Autosync jobs started","service":"whatsapp-saas","timestamp":"2026-03-16 16:24:21"}
{"level":"info","message":"[AutomationEngine] ✅ Automation engine started","service":"whatsapp-saas","timestamp":"2026-03-16 16:24:21"}
{"level":"info","message":"[MessageRetryQueue] ✅ Queue initialized: message-retry:development","service":"whatsapp-saas","timestamp":"2026-03-16 16:24:22"}
{"level":"info","message":"[TokenRefreshCron] Cron job started - runs every 6 hours","service":"whatsapp-saas","timestamp":"2026-03-16 16:27:00"}
{"level":"info","message":"[UsageLedgerCron] Cron job started - runs daily at 00:30 UTC","service":"whatsapp-saas","timestamp":"2026-03-16 16:27:00"}
{"level":"info","message":"[GupshupAppSync] Starting autosync jobs...","service":"whatsapp-saas","timestamp":"2026-03-16 16:27:00"}
{"level":"info","message":"[GupshupAppSync] ✅ Autosync jobs started","service":"whatsapp-saas","timestamp":"2026-03-16 16:27:00"}
{"level":"info","message":"[AutomationEngine] ✅ Automation engine started","service":"whatsapp-saas","timestamp":"2026-03-16 16:27:01"}
{"level":"info","message":"[MessageRetryQueue] ✅ Queue initialized: message-retry:development","service":"whatsapp-saas","timestamp":"2026-03-16 16:27:01"}
{"level":"info","message":"[PhoneThroughputMiddleware] Limiter initialized in fail-open mode (no Redis)","service":"whatsapp-saas","timestamp":"2026-03-16 16:29:18"}
{"conversationId":"69b1ad8604239c33cc0d2e61","ledgerId":"69b6bbd611c2d1e73c238a11","level":"info","message":"[BillingLedger] Message recorded in existing window","service":"whatsapp-saas","timestamp":"2026-03-16 16:29:24","window":"existing"}
{"level":"info","message":"[TokenRefreshCron] Cron job started - runs every 6 hours","service":"whatsapp-saas","timestamp":"2026-03-16 16:30:02"}
{"level":"info","message":"[UsageLedgerCron] Cron job started - runs daily at 00:30 UTC","service":"whatsapp-saas","timestamp":"2026-03-16 16:30:02"}
{"level":"info","message":"[GupshupAppSync] Starting autosync jobs...","service":"whatsapp-saas","timestamp":"2026-03-16 16:30:02"}
{"level":"info","message":"[GupshupAppSync] ✅ Autosync jobs started","service":"whatsapp-saas","timestamp":"2026-03-16 16:30:02"}
{"level":"info","message":"[AutomationEngine] ✅ Automation engine started","service":"whatsapp-saas","timestamp":"2026-03-16 16:30:02"}
{"level":"info","message":"[MessageRetryQueue] ✅ Queue initialized: message-retry:development","service":"whatsapp-saas","timestamp":"2026-03-16 16:30:03"}
{"level":"info","message":"[PhoneThroughputMiddleware] Limiter initialized in fail-open mode (no Redis)","service":"whatsapp-saas","timestamp":"2026-03-16 16:30:21"}
{"conversationId":"69b1ad8604239c33cc0d2e61","ledgerId":"69b6bbd611c2d1e73c238a11","level":"info","message":"[BillingLedger] Message recorded in existing window","service":"whatsapp-saas","timestamp":"2026-03-16 16:30:27","window":"existing"}
{"delaySeconds":60,"jobId":"91","level":"info","message":"[MessageRetryQueue] Message enqueued for retry:","messageId":"69b7e2f0173f3d6992a1fcfc","retryCount":0,"service":"whatsapp-saas","timestamp":"2026-03-16 16:31:07"}
{"level":"info","message":"[TokenRefreshCron] Cron job started - runs every 6 hours","service":"whatsapp-saas","timestamp":"2026-03-16 16:31:35"}
{"level":"info","message":"[UsageLedgerCron] Cron job started - runs daily at 00:30 UTC","service":"whatsapp-saas","timestamp":"2026-03-16 16:31:35"}
{"level":"info","message":"[GupshupAppSync] Starting autosync jobs...","service":"whatsapp-saas","timestamp":"2026-03-16 16:31:35"}
{"level":"info","message":"[GupshupAppSync] ✅ Autosync jobs started","service":"whatsapp-saas","timestamp":"2026-03-16 16:31:35"}
{"level":"info","message":"[AutomationEngine] ✅ Automation engine started","service":"whatsapp-saas","timestamp":"2026-03-16 16:31:35"}
{"level":"info","message":"[MessageRetryQueue] ✅ Queue initialized: message-retry:development","service":"whatsapp-saas","timestamp":"2026-03-16 16:31:37"}
{"level":"info","message":"[PhoneThroughputMiddleware] Limiter initialized in fail-open mode (no Redis)","service":"whatsapp-saas","timestamp":"2026-03-16 16:32:52"}
{"conversationId":"69b1ad8604239c33cc0d2e61","ledgerId":"69b6bbd611c2d1e73c238a11","level":"info","message":"[BillingLedger] Message recorded in existing window","service":"whatsapp-saas","timestamp":"2026-03-16 16:33:03","window":"existing"}
{"conversationId":"69b1ad8604239c33cc0d2e61","ledgerId":"69b6bbd611c2d1e73c238a11","level":"info","message":"[BillingLedger] Message recorded in existing window","service":"whatsapp-saas","timestamp":"2026-03-16 16:34:16","window":"existing"}
{"delaySeconds":60,"jobId":"92","level":"info","message":"[MessageRetryQueue] Message enqueued for retry:","messageId":"69b7e3e5fe6c92caeb8c631c","retryCount":0,"service":"whatsapp-saas","timestamp":"2026-03-16 16:35:11"}
