{"level":"error","message":"Redis error while getting partner token, falling back to memory","service":"whatsapp-saas","timestamp":"2026-04-07 10:01:41","value":"read EADDRNOTAVAIL"}
{"level":"error","message":"Redis error while getting partner token, falling back to memory","service":"whatsapp-saas","timestamp":"2026-04-07 10:56:25","value":"read ETIMEDOUT"}
{"level":"error","message":"Redis error while getting partner token, falling back to memory","service":"whatsapp-saas","timestamp":"2026-04-07 10:56:25","value":"read ETIMEDOUT"}
{"level":"error","message":"Redis error while getting partner token, falling back to memory","service":"whatsapp-saas","timestamp":"2026-04-07 10:56:25","value":"read ETIMEDOUT"}
{"level":"error","message":"Redis error while getting partner token, falling back to memory","service":"whatsapp-saas","timestamp":"2026-04-07 11:44:58","value":"read ETIMEDOUT"}
{"level":"error","message":"Redis error while getting partner token, falling back to memory","service":"whatsapp-saas","timestamp":"2026-04-07 11:44:58","value":"read ETIMEDOUT"}
{"level":"error","message":"Redis error while getting partner token, falling back to memory","service":"whatsapp-saas","timestamp":"2026-04-07 11:44:58","value":"read ETIMEDOUT"}
{"level":"error","message":"Redis error while getting partner token, falling back to memory","service":"whatsapp-saas","timestamp":"2026-04-07 11:44:58","value":"read ETIMEDOUT"}
{"level":"error","message":"Redis error while getting partner token, falling back to memory","service":"whatsapp-saas","timestamp":"2026-04-07 12:22:01","value":"read ETIMEDOUT"}
{"level":"error","message":"Redis error while getting partner token, falling back to memory","service":"whatsapp-saas","timestamp":"2026-04-07 12:22:01","value":"read ETIMEDOUT"}
{"level":"error","message":"Redis error while getting partner token, falling back to memory","service":"whatsapp-saas","timestamp":"2026-04-07 15:24:26","value":"read ETIMEDOUT"}
{"level":"error","message":"[Analytics] getAgentAnalytics failed:","service":"whatsapp-saas","timestamp":"2026-04-07 17:04:43"}
{"level":"error","message":"[Analytics] getAgentAnalytics failed:","service":"whatsapp-saas","timestamp":"2026-04-07 17:04:44"}
{"level":"error","message":"[Analytics] getAgentAnalytics failed:","service":"whatsapp-saas","timestamp":"2026-04-07 17:04:51"}
{"level":"error","message":"[Analytics] getAgentAnalytics failed:","service":"whatsapp-saas","timestamp":"2026-04-07 17:04:52"}
{"level":"error","message":"[Analytics] getAgentAnalytics failed:","service":"whatsapp-saas","timestamp":"2026-04-07 17:14:29"}
{"level":"error","message":"[Analytics] getAgentAnalytics failed:","service":"whatsapp-saas","timestamp":"2026-04-07 17:14:32"}
{"level":"error","message":"Redis error while getting partner token, falling back to memory","service":"whatsapp-saas","timestamp":"2026-04-07 17:43:22","value":"read ECONNRESET"}
{"level":"error","message":"Redis error while getting partner token, falling back to memory","service":"whatsapp-saas","timestamp":"2026-04-07 17:59:07","value":"read ECONNRESET"}
{"level":"error","message":"Redis error while getting partner token, falling back to memory","service":"whatsapp-saas","timestamp":"2026-04-07 21:14:28","value":"read ETIMEDOUT"}
{"level":"error","message":"Failed to fetch Gupshup partner token","service":"whatsapp-saas","timestamp":"2026-04-07 21:14:43","value":"timeout of 15000ms exceeded"}
{"level":"error","message":"Redis error while getting partner token, falling back to memory","service":"whatsapp-saas","timestamp":"2026-04-07 21:27:06","value":"read ETIMEDOUT"}
{"level":"error","message":"Redis error while getting partner token, falling back to memory","service":"whatsapp-saas","timestamp":"2026-04-07 23:23:20","value":"read ETIMEDOUT"}
{"level":"error","message":"Redis error while getting partner token, falling back to memory","service":"whatsapp-saas","timestamp":"2026-04-07 23:23:20","value":"read ETIMEDOUT"}
{"level":"error","message":"Failed to save partner token to Redis","service":"whatsapp-saas","timestamp":"2026-04-08 00:14:07","value":"read ETIMEDOUT"}
{"level":"error","message":"Redis error while getting partner token, falling back to memory","service":"whatsapp-saas","timestamp":"2026-04-08 01:07:22","value":"read ETIMEDOUT"}
{"level":"error","message":"Redis error while getting partner token, falling back to memory","service":"whatsapp-saas","timestamp":"2026-04-08 01:07:22","value":"read ETIMEDOUT"}
{"level":"error","message":"Redis error while getting partner token, falling back to memory","service":"whatsapp-saas","timestamp":"2026-04-08 01:07:22","value":"read ETIMEDOUT"}
{"level":"error","message":"Redis error while getting partner token, falling back to memory","service":"whatsapp-saas","timestamp":"2026-04-08 01:18:46","value":"read ETIMEDOUT"}
{"errorLabelSet":{},"level":"error","message":"[Tags] Failed to get tags:","service":"whatsapp-saas","timestamp":"2026-04-08 01:19:52"}
{"errorLabelSet":{},"level":"error","message":"[Tags] getTags failed:","service":"whatsapp-saas","timestamp":"2026-04-08 01:19:52"}
{"code":"NOT_FOUND","level":"error","message":"Contact not found","service":"whatsapp-saas","stack":"Error: Contact not found\n    at createError (/Users/vivek/devlopment projects/wApi/wApi/server/src/utils/errorFormatter.js:44:17)\n    at ContactService.getContact (/Users/vivek/devlopment projects/wApi/wApi/server/src/services/messaging/contactService.js:62:15)\n    at process.processTicksAndRejections (node:internal/process/task_queues:105:5)\n    at async /Users/vivek/devlopment projects/wApi/wApi/server/src/controllers/messaging/contactController.js:31:19","statusCode":404,"timestamp":"2026-04-08 13:53:13"}
{"error":"Contact not found","level":"error","message":"Failed to get contact","service":"whatsapp-saas","timestamp":"2026-04-08 13:53:13","workspaceId":"699c21048e96ba1b49ab6945"}
