[campaign-service] 
[campaign-service] > campaign-service@1.0.0 start
[campaign-service] > node dist/index.js
[campaign-service] 
[service-provider] 
[service-provider] > service-provider@0.1.0 start
[service-provider] > node dist/main.js
[service-provider] 
[websocket-gateway] 
[websocket-gateway] > @wapi/websocket-gateway@1.0.0 start
[websocket-gateway] > node dist/index.js
[websocket-gateway] 
[auth-service] 
[auth-service] > @wapi/auth-service@1.0.0 start
[auth-service] > node dist/index.js
[auth-service] 
[contact-service] 
[contact-service] > @wapi/contact-service@1.0.0 start
[contact-service] > node dist/index.js
[contact-service] 
[chat-service] 
[chat-service] > @wapi/chat-service@1.0.0 start
[chat-service] > node dist/index.js
[chat-service] 
[api-gateway] 
[api-gateway] > api-gateway@2.0.0 start
[api-gateway] > node dist/index.js
[api-gateway] 
[billing-service] 
[billing-service] > billing-service@1.0.0 start
[billing-service] > node dist/index.js
[billing-service] 
[automation-service] 
[automation-service] > automation-service@1.0.0 start
[automation-service] > node dist/index.js
[automation-service] 
[webhook-ingestor] 
[webhook-ingestor] > @wapi/webhook-ingestor@1.0.0 start
[webhook-ingestor] > node dist/index.js
[webhook-ingestor] 
[api-gateway] [RateLimit] REDIS_URL is not set. Falling back to in-memory rate limits for this process.
[api-gateway] [32m[API Gateway] Running at http://0.0.0.0:5001[0m
[api-gateway] [API Gateway] Proxying /api/v1/auth -> http://localhost:3006
[api-gateway] [API Gateway] Proxying /api/v1/contacts -> http://localhost:3007
[api-gateway] [API Gateway] Proxying /api/v1/inbox -> http://localhost:3008
[api-gateway] [API Gateway] Proxying /api/v1/billing -> http://localhost:3003
[api-gateway] [API Gateway] Proxying /api/v1/campaign -> http://localhost:3002
[api-gateway] [API Gateway] Proxying /api/v1/automation -> http://localhost:3001
[api-gateway] [API Gateway] Proxying /api/v1/onboarding -> http://localhost:3004
[api-gateway] [API Gateway] Proxying /socket.io (ws) -> http://localhost:3009
[billing-service] ◇ injected env (8) from .env // tip: ◈ secrets for agents [www.dotenvx.com]
[automation-service] ◇ injected env (9) from .env // tip: ⌘ enable debugging { debug: true }
[campaign-service] ◇ injected env (6) from .env // tip: ⌘ suppress logs { quiet: true }
[contact-service] (node:35207) [MONGOOSE] Warning: `errors` is a reserved schema pathname and may break some functionality. You are allowed to use it, but use at your own risk. To disable this warning pass `suppressReservedKeysWarning` as a schema option.
[contact-service] (Use `node --trace-warnings ...` to show where the warning was created)
[campaign-service] ⏳ Connecting to MongoDB Atlas...
[service-provider] [Cloudinary] WARNING: Credentials missing. Media uploads will fall back to mock placeholders.
[service-provider] [Nest] 35164  - 06/22/2026, 2:05:34 PM     LOG [NestFactory] Starting Nest application...
[service-provider] [Nest] 35164  - 06/22/2026, 2:05:34 PM     LOG [InstanceLoader] MongooseModule dependencies initialized +14ms
[service-provider] [Nest] 35164  - 06/22/2026, 2:05:34 PM     LOG [InstanceLoader] HttpModule dependencies initialized +0ms
[api-gateway] (node:35258) [DEP0060] DeprecationWarning: The `util._extend` API is deprecated. Please use Object.assign() instead.
[api-gateway] (Use `node --trace-deprecation ...` to show where the warning was created)
[api-gateway] [API Gateway Proxy Error] GET /socket.io/?EIO=4&transport=websocket -> Failed to reach websocket-gateway service:  (Correlation ID: unknown)
[webhook-ingestor] [Webhook Ingestor] Connected to Redis
[campaign-service] ✅ Connected to Campaign Database
[campaign-service] 🚀 Campaign Service listening on port 3002
[campaign-service] IMPORTANT! Eviction policy is volatile-lru. It should be "noeviction"
[contact-service] [Contact Service] Connected to MongoDB
[contact-service] [Contact Service] Running at http://localhost:3007
[campaign-service] IMPORTANT! Eviction policy is volatile-lru. It should be "noeviction"
[automation-service] Connected to Automation Database
[automation-service] Automation Service listening on port 3001
[api-gateway] [API Gateway Proxy Error] GET /socket.io/?EIO=4&transport=websocket -> Failed to reach websocket-gateway service:  (Correlation ID: unknown)
[auth-service] [Auth Service] Connected to MongoDB
[auth-service] [Auth Service] Running at http://localhost:3006
[chat-service] [Chat Service] Connected to MongoDB
[campaign-service] [CampaignEventBus] Redis Producer connected.
[campaign-service] ✅ Campaign event consumer started
[webhook-ingestor] {"level":30,"time":1782117338549,"pid":35292,"hostname":"viveks-MacBook-Air.local","msg":"Server listening at http://0.0.0.0:3013"}
[webhook-ingestor] [Webhook Ingestor] Server running at http://localhost:3013
[service-provider] [Nest] 35164  - 06/22/2026, 2:05:38 PM     LOG [InstanceLoader] MongooseCoreModule dependencies initialized +4152ms
[service-provider] [Nest] 35164  - 06/22/2026, 2:05:38 PM     LOG [InstanceLoader] MongooseModule dependencies initialized +8ms
[service-provider] [Nest] 35164  - 06/22/2026, 2:05:38 PM     LOG [InstanceLoader] AppModule dependencies initialized +4ms
[service-provider] [Nest] 35164  - 06/22/2026, 2:05:38 PM     LOG [RoutesResolver] AppsController {/internal/v1/bsp/apps}: +128ms
[service-provider] [Nest] 35164  - 06/22/2026, 2:05:38 PM     LOG [RouterExplorer] Mapped {/internal/v1/bsp/apps, POST} route +1ms
[service-provider] [Nest] 35164  - 06/22/2026, 2:05:38 PM     LOG [RouterExplorer] Mapped {/internal/v1/bsp/apps/:appId, GET} route +0ms
[service-provider] [Nest] 35164  - 06/22/2026, 2:05:38 PM     LOG [RouterExplorer] Mapped {/internal/v1/bsp/apps/:appId, DELETE} route +1ms
[service-provider] [Nest] 35164  - 06/22/2026, 2:05:38 PM     LOG [RouterExplorer] Mapped {/internal/v1/bsp/apps/:appId/sync-whatsapp, POST} route +0ms
[service-provider] [Nest] 35164  - 06/22/2026, 2:05:38 PM     LOG [RouterExplorer] Mapped {/internal/v1/bsp/apps/:appId/sync-gupshup, POST} route +0ms
[service-provider] [Nest] 35164  - 06/22/2026, 2:05:38 PM     LOG [RouterExplorer] Mapped {/internal/v1/bsp/apps/:appId/sync-phone, POST} route +0ms
[service-provider] [Nest] 35164  - 06/22/2026, 2:05:38 PM     LOG [RouterExplorer] Mapped {/internal/v1/bsp/apps/:appId/sync-cache, POST} route +0ms
[service-provider] [Nest] 35164  - 06/22/2026, 2:05:38 PM     LOG [RouterExplorer] Mapped {/internal/v1/bsp/apps/:workspaceId/workspace, GET} route +0ms
[service-provider] [Nest] 35164  - 06/22/2026, 2:05:38 PM     LOG [RoutesResolver] OnboardingController {/}: +0ms
[service-provider] [Nest] 35164  - 06/22/2026, 2:05:38 PM     LOG [RouterExplorer] Mapped {/internal/v1/bsp/onboarding/start, POST} route +0ms
[service-provider] [Nest] 35164  - 06/22/2026, 2:05:38 PM     LOG [RouterExplorer] Mapped {/internal/v1/bsp/onboarding/complete, POST} route +0ms
[service-provider] [Nest] 35164  - 06/22/2026, 2:05:38 PM     LOG [RouterExplorer] Mapped {/internal/v1/bsp/onboarding/fallback, POST} route +1ms
[service-provider] [Nest] 35164  - 06/22/2026, 2:05:38 PM     LOG [RouterExplorer] Mapped {/internal/v1/bsp/onboarding/sync-state, POST} route +0ms
[service-provider] [Nest] 35164  - 06/22/2026, 2:05:38 PM     LOG [RouterExplorer] Mapped {/bsp/v1/onboarding/status, GET} route +0ms
[service-provider] [Nest] 35164  - 06/22/2026, 2:05:38 PM     LOG [RouterExplorer] Mapped {/bsp/v1/onboarding/verification-status, GET} route +0ms
[service-provider] [Nest] 35164  - 06/22/2026, 2:05:38 PM     LOG [RouterExplorer] Mapped {/bsp/v1/onboarding/stage1-status, GET} route +0ms
[service-provider] [Nest] 35164  - 06/22/2026, 2:05:38 PM     LOG [RouterExplorer] Mapped {/bsp/v1/onboarding/start, POST} route +0ms
[service-provider] [Nest] 35164  - 06/22/2026, 2:05:38 PM     LOG [RouterExplorer] Mapped {/bsp/v1/onboarding/sync, POST} route +0ms
[service-provider] [Nest] 35164  - 06/22/2026, 2:05:38 PM     LOG [RouterExplorer] Mapped {/bsp/v1/onboarding/register-phone, POST} route +0ms
[service-provider] [Nest] 35164  - 06/22/2026, 2:05:38 PM     LOG [RouterExplorer] Mapped {/bsp/v1/onboarding/complete, POST} route +0ms
[service-provider] [Nest] 35164  - 06/22/2026, 2:05:38 PM     LOG [RouterExplorer] Mapped {/bsp/v1/onboarding/disconnect, POST} route +0ms
[service-provider] [Nest] 35164  - 06/22/2026, 2:05:38 PM     LOG [RouterExplorer] Mapped {/bsp/v1/onboarding/runtime-profile, GET} route +0ms
[service-provider] [Nest] 35164  - 06/22/2026, 2:05:38 PM     LOG [RouterExplorer] Mapped {/bsp/v1/onboarding/callback, GET} route +0ms
[service-provider] [Nest] 35164  - 06/22/2026, 2:05:38 PM     LOG [RoutesResolver] TokensController {/internal/v1/bsp/apps/:appId/token}: +0ms
[service-provider] [Nest] 35164  - 06/22/2026, 2:05:38 PM     LOG [RouterExplorer] Mapped {/internal/v1/bsp/apps/:appId/token/refresh, POST} route +0ms
[service-provider] [Nest] 35164  - 06/22/2026, 2:05:38 PM     LOG [RoutesResolver] PhonesController {/internal/v1/bsp/phones}: +0ms
[service-provider] [Nest] 35164  - 06/22/2026, 2:05:38 PM     LOG [RouterExplorer] Mapped {/internal/v1/bsp/phones/register, POST} route +0ms
[service-provider] [Nest] 35164  - 06/22/2026, 2:05:38 PM     LOG [RoutesResolver] SubscriptionsController {/internal/v1/bsp/subscriptions}: +0ms
[service-provider] [Nest] 35164  - 06/22/2026, 2:05:38 PM     LOG [RouterExplorer] Mapped {/internal/v1/bsp/subscriptions, POST} route +0ms
[service-provider] [Nest] 35164  - 06/22/2026, 2:05:38 PM     LOG [RouterExplorer] Mapped {/internal/v1/bsp/subscriptions/:id, DELETE} route +1ms
[service-provider] [Nest] 35164  - 06/22/2026, 2:05:38 PM     LOG [RoutesResolver] MessagesController {/internal/v1/bsp/messages}: +0ms
[service-provider] [Nest] 35164  - 06/22/2026, 2:05:38 PM     LOG [RouterExplorer] Mapped {/internal/v1/bsp/messages/send, POST} route +0ms
[service-provider] [Nest] 35164  - 06/22/2026, 2:05:38 PM     LOG [RoutesResolver] TemplatesController {/internal/v1/bsp/templates}: +0ms
[service-provider] [Nest] 35164  - 06/22/2026, 2:05:38 PM     LOG [RouterExplorer] Mapped {/internal/v1/bsp/templates/sync, POST} route +0ms
[service-provider] [Nest] 35164  - 06/22/2026, 2:05:38 PM     LOG [RouterExplorer] Mapped {/internal/v1/bsp/templates/:id/submit, POST} route +0ms
[service-provider] [Nest] 35164  - 06/22/2026, 2:05:38 PM     LOG [RouterExplorer] Mapped {/internal/v1/bsp/templates/:id, GET} route +0ms
[service-provider] [Nest] 35164  - 06/22/2026, 2:05:38 PM     LOG [RoutesResolver] TemplatesPublicController {/api/v1/templates}: +0ms
[service-provider] [Nest] 35164  - 06/22/2026, 2:05:38 PM     LOG [RouterExplorer] Mapped {/api/v1/templates, GET} route +0ms
[service-provider] [Nest] 35164  - 06/22/2026, 2:05:38 PM     LOG [RouterExplorer] Mapped {/api/v1/templates/categories, GET} route +0ms
[service-provider] [Nest] 35164  - 06/22/2026, 2:05:38 PM     LOG [RouterExplorer] Mapped {/api/v1/templates/sync, POST} route +0ms
[service-provider] [Nest] 35164  - 06/22/2026, 2:05:38 PM     LOG [RouterExplorer] Mapped {/api/v1/templates, POST} route +0ms
[service-provider] [Nest] 35164  - 06/22/2026, 2:05:38 PM     LOG [RouterExplorer] Mapped {/api/v1/templates/:id, PATCH} route +0ms
[service-provider] [Nest] 35164  - 06/22/2026, 2:05:38 PM     LOG [RouterExplorer] Mapped {/api/v1/templates/:id/submit, POST} route +0ms
[service-provider] [Nest] 35164  - 06/22/2026, 2:05:38 PM     LOG [RouterExplorer] Mapped {/api/v1/templates/:id, DELETE} route +0ms
[service-provider] [Nest] 35164  - 06/22/2026, 2:05:38 PM     LOG [RouterExplorer] Mapped {/api/v1/templates/library/stats, GET} route +0ms
[service-provider] [Nest] 35164  - 06/22/2026, 2:05:38 PM     LOG [RouterExplorer] Mapped {/api/v1/templates/rules, GET} route +0ms
[service-provider] [Nest] 35164  - 06/22/2026, 2:05:38 PM     LOG [RouterExplorer] Mapped {/api/v1/templates/rules, POST} route +1ms
[service-provider] [Nest] 35164  - 06/22/2026, 2:05:38 PM     LOG [RouterExplorer] Mapped {/api/v1/templates/rules/:id/toggle, PATCH} route +0ms
[service-provider] [Nest] 35164  - 06/22/2026, 2:05:38 PM     LOG [RouterExplorer] Mapped {/api/v1/templates/rules/:id, PATCH} route +0ms
[service-provider] [Nest] 35164  - 06/22/2026, 2:05:38 PM     LOG [RouterExplorer] Mapped {/api/v1/templates/rules/:id, DELETE} route +0ms
[service-provider] [Nest] 35164  - 06/22/2026, 2:05:38 PM     LOG [RouterExplorer] Mapped {/api/v1/templates/rules/:id/test, POST} route +0ms
[service-provider] [Nest] 35164  - 06/22/2026, 2:05:38 PM     LOG [RouterExplorer] Mapped {/api/v1/templates/rules/:id/stats, GET} route +0ms
[service-provider] [Nest] 35164  - 06/22/2026, 2:05:38 PM     LOG [RouterExplorer] Mapped {/api/v1/templates/analytics/workspace, GET} route +0ms
[service-provider] [Nest] 35164  - 06/22/2026, 2:05:38 PM     LOG [RouterExplorer] Mapped {/api/v1/templates/analytics/top, GET} route +0ms
[service-provider] [Nest] 35164  - 06/22/2026, 2:05:38 PM     LOG [RouterExplorer] Mapped {/api/v1/templates/analytics/low, GET} route +0ms
[service-provider] [Nest] 35164  - 06/22/2026, 2:05:38 PM     LOG [RouterExplorer] Mapped {/api/v1/templates/analytics/behavioral, GET} route +0ms
[service-provider] [Nest] 35164  - 06/22/2026, 2:05:38 PM     LOG [RouterExplorer] Mapped {/api/v1/templates/analytics/export, POST} route +0ms
[service-provider] [Nest] 35164  - 06/22/2026, 2:05:38 PM     LOG [RouterExplorer] Mapped {/api/v1/templates/:id, GET} route +0ms
[service-provider] [Nest] 35164  - 06/22/2026, 2:05:38 PM     LOG [RoutesResolver] MediaController {/internal/v1/bsp/media}: +0ms
[service-provider] [Nest] 35164  - 06/22/2026, 2:05:38 PM     LOG [RouterExplorer] Mapped {/internal/v1/bsp/media, POST} route +0ms
[service-provider] [Nest] 35164  - 06/22/2026, 2:05:38 PM     LOG [RoutesResolver] UploadController {/}: +0ms
[service-provider] [Nest] 35164  - 06/22/2026, 2:05:38 PM     LOG [RouterExplorer] Mapped {/upload, POST} route +1ms
[service-provider] [Nest] 35164  - 06/22/2026, 2:05:38 PM     LOG [RouterExplorer] Mapped {/api/v1/upload, POST} route +0ms
[service-provider] [Nest] 35164  - 06/22/2026, 2:05:38 PM     LOG [RouterExplorer] Mapped {/api/v1/upload/media, POST} route +0ms
[service-provider] [Nest] 35164  - 06/22/2026, 2:05:38 PM     LOG [RoutesResolver] ProfilesController {/internal/v1/bsp/profile}: +0ms
[service-provider] [Nest] 35164  - 06/22/2026, 2:05:38 PM     LOG [RouterExplorer] Mapped {/internal/v1/bsp/profile/:appId, GET} route +0ms
[service-provider] [Nest] 35164  - 06/22/2026, 2:05:38 PM     LOG [RouterExplorer] Mapped {/internal/v1/bsp/profile/:appId, PATCH} route +0ms
[service-provider] [Nest] 35164  - 06/22/2026, 2:05:38 PM     LOG [RoutesResolver] WebhooksController {/webhooks}: +0ms
[service-provider] [Nest] 35164  - 06/22/2026, 2:05:38 PM     LOG [RouterExplorer] Mapped {/webhooks/gupshup, GET} route +0ms
[service-provider] [Nest] 35164  - 06/22/2026, 2:05:38 PM     LOG [RoutesResolver] ProviderActionsController {/internal/v1/bsp/provider}: +0ms
[service-provider] [Nest] 35164  - 06/22/2026, 2:05:38 PM     LOG [RouterExplorer] Mapped {/internal/v1/bsp/provider, GET} route +0ms
[service-provider] [Nest] 35164  - 06/22/2026, 2:05:38 PM     LOG [RouterExplorer] Mapped {/internal/v1/bsp/provider/:code, GET} route +0ms
[service-provider] [Nest] 35164  - 06/22/2026, 2:05:38 PM     LOG [RouterExplorer] Mapped {/internal/v1/bsp/provider/:code, PUT} route +0ms
[service-provider] [Nest] 35164  - 06/22/2026, 2:05:38 PM     LOG [RouterExplorer] Mapped {/internal/v1/bsp/provider/actions, POST} route +0ms
[service-provider] [Nest] 35164  - 06/22/2026, 2:05:38 PM     LOG [RoutesResolver] HealthController {/}: +0ms
[service-provider] [Nest] 35164  - 06/22/2026, 2:05:38 PM     LOG [RouterExplorer] Mapped {/, GET} route +0ms
[service-provider] [Nest] 35164  - 06/22/2026, 2:05:38 PM     LOG [RouterExplorer] Mapped {/health, GET} route +0ms
[service-provider] [Nest] 35164  - 06/22/2026, 2:05:38 PM     LOG [RoutesResolver] EsbFlowController {/internal/v1/bsp/esb-flow}: +0ms
[service-provider] [Nest] 35164  - 06/22/2026, 2:05:38 PM     LOG [RouterExplorer] Mapped {/internal/v1/bsp/esb-flow/:workspaceId, GET} route +0ms
[service-provider] [Nest] 35164  - 06/22/2026, 2:05:38 PM     LOG [RouterExplorer] Mapped {/internal/v1/bsp/esb-flow/:workspaceId/upsert, POST} route +0ms
[service-provider] [Nest] 35164  - 06/22/2026, 2:05:38 PM     LOG [RouterExplorer] Mapped {/internal/v1/bsp/esb-flow/:workspaceId/status, POST} route +1ms
[service-provider] [Nest] 35164  - 06/22/2026, 2:05:38 PM     LOG [RouterExplorer] Mapped {/internal/v1/bsp/esb-flow/:workspaceId/tokens, POST} route +0ms
[service-provider] [Nest] 35164  - 06/22/2026, 2:05:38 PM     LOG [RouterExplorer] Mapped {/internal/v1/bsp/esb-flow/:workspaceId/callback, POST} route +0ms
[service-provider] [Nest] 35164  - 06/22/2026, 2:05:38 PM     LOG [RouterExplorer] Mapped {/internal/v1/bsp/esb-flow/:workspaceId/complete, POST} route +0ms
[service-provider] [Nest] 35164  - 06/22/2026, 2:05:38 PM     LOG [RouterExplorer] Mapped {/internal/v1/bsp/esb-flow/:workspaceId/fail, POST} route +0ms
[service-provider] [Nest] 35164  - 06/22/2026, 2:05:38 PM     LOG [RoutesResolver] WorkspaceController {/bsp/v1/workspace}: +0ms
[service-provider] [Nest] 35164  - 06/22/2026, 2:05:38 PM     LOG [RouterExplorer] Mapped {/bsp/v1/workspace/waba, GET} route +0ms
[service-provider] [Nest] 35164  - 06/22/2026, 2:05:38 PM     LOG [RouterExplorer] Mapped {/bsp/v1/workspace/waba, PATCH} route +0ms
[service-provider] [Nest] 35164  - 06/22/2026, 2:05:38 PM     LOG [RouterExplorer] Mapped {/bsp/v1/workspace/waba/subscription-status, GET} route +0ms
[service-provider] [Nest] 35164  - 06/22/2026, 2:05:38 PM     LOG [RouterExplorer] Mapped {/bsp/v1/workspace/waba/subscriptions/status, GET} route +0ms
[service-provider] [Nest] 35164  - 06/22/2026, 2:05:38 PM     LOG [RouterExplorer] Mapped {/bsp/v1/workspace/whatsapp/subscriptions/status, GET} route +0ms
[service-provider] [Nest] 35164  - 06/22/2026, 2:05:38 PM     LOG [RouterExplorer] Mapped {/bsp/v1/workspace/waba/test, POST} route +0ms
[service-provider] [Nest] 35164  - 06/22/2026, 2:05:38 PM     LOG [RouterExplorer] Mapped {/bsp/v1/workspace/profile, GET} route +0ms
[service-provider] [Nest] 35164  - 06/22/2026, 2:05:38 PM     LOG [RouterExplorer] Mapped {/bsp/v1/workspace/whatsapp/profile, GET} route +0ms
[service-provider] [Nest] 35164  - 06/22/2026, 2:05:38 PM     LOG [RouterExplorer] Mapped {/bsp/v1/workspace/profile, PATCH} route +0ms
[service-provider] [Nest] 35164  - 06/22/2026, 2:05:38 PM     LOG [RouterExplorer] Mapped {/bsp/v1/workspace/whatsapp/profile, PATCH} route +0ms
[service-provider] [Nest] 35164  - 06/22/2026, 2:05:38 PM     LOG [RouterExplorer] Mapped {/bsp/v1/workspace/profile/sync, POST} route +0ms
[service-provider] [Nest] 35164  - 06/22/2026, 2:05:38 PM     LOG [RouterExplorer] Mapped {/bsp/v1/workspace/whatsapp/profile, POST} route +0ms
[service-provider] [Nest] 35164  - 06/22/2026, 2:05:38 PM     LOG [RouterExplorer] Mapped {/bsp/v1/workspace/profile/display-name, PATCH} route +0ms
[service-provider] [Nest] 35164  - 06/22/2026, 2:05:38 PM     LOG [RouterExplorer] Mapped {/bsp/v1/workspace/whatsapp/profile/display-name, PATCH} route +0ms
[service-provider] [Nest] 35164  - 06/22/2026, 2:05:38 PM     LOG [RouterExplorer] Mapped {/bsp/v1/workspace/whatsapp/health, GET} route +0ms
[service-provider] [Nest] 35164  - 06/22/2026, 2:05:38 PM     LOG [RouterExplorer] Mapped {/bsp/v1/workspace/phone-numbers, GET} route +0ms
[service-provider] [Nest] 35164  - 06/22/2026, 2:05:38 PM     LOG [RouterExplorer] Mapped {/bsp/v1/workspace/webhooks, GET} route +0ms
[service-provider] [Nest] 35164  - 06/22/2026, 2:05:38 PM     LOG [RouterExplorer] Mapped {/bsp/v1/workspace/webhooks, POST} route +0ms
[service-provider] [Nest] 35164  - 06/22/2026, 2:05:38 PM     LOG [RouterExplorer] Mapped {/bsp/v1/workspace/webhooks/:id, PATCH} route +1ms
[service-provider] [Nest] 35164  - 06/22/2026, 2:05:38 PM     LOG [RouterExplorer] Mapped {/bsp/v1/workspace/webhooks/:id, DELETE} route +0ms
[service-provider] [Nest] 35164  - 06/22/2026, 2:05:38 PM     LOG [RouterExplorer] Mapped {/bsp/v1/workspace/connection-status, GET} route +0ms
[service-provider] [Nest] 35164  - 06/22/2026, 2:05:38 PM     LOG [RoutesResolver] WorkspaceInternalController {/internal/v1/bsp/workspace}: +0ms
[service-provider] [Nest] 35164  - 06/22/2026, 2:05:38 PM     LOG [RouterExplorer] Mapped {/internal/v1/bsp/workspace/:workspaceId/sync-connection, POST} route +0ms
[service-provider] [Nest] 35164  - 06/22/2026, 2:05:38 PM     LOG [RoutesResolver] AdminController {/internal/v1/bsp/admin}: +0ms
[service-provider] [Nest] 35164  - 06/22/2026, 2:05:38 PM     LOG [RouterExplorer] Mapped {/internal/v1/bsp/admin/reconcile, POST} route +0ms
[service-provider] [Nest] 35164  - 06/22/2026, 2:05:38 PM     LOG [RouterExplorer] Mapped {/internal/v1/bsp/admin/health, GET} route +0ms
[service-provider] [Nest] 35164  - 06/22/2026, 2:05:38 PM     LOG [RouterExplorer] Mapped {/internal/v1/bsp/admin/webhook-status, GET} route +0ms
[service-provider] [Nest] 35164  - 06/22/2026, 2:05:38 PM     LOG [RouterExplorer] Mapped {/internal/v1/bsp/admin/sync-webhooks, POST} route +0ms
[service-provider] [Nest] 35164  - 06/22/2026, 2:05:38 PM     LOG [RouterExplorer] Mapped {/internal/v1/bsp/admin/sync-webhook/:appId, POST} route +0ms
[service-provider] [Nest] 35164  - 06/22/2026, 2:05:38 PM     LOG [RouterExplorer] Mapped {/internal/v1/bsp/admin/subscription/:appId/:subscriptionId, DELETE} route +0ms
[service-provider] [Nest] 35164  - 06/22/2026, 2:05:38 PM     LOG [RouterExplorer] Mapped {/internal/v1/bsp/admin/developer-config, GET} route +0ms
[service-provider] [Nest] 35164  - 06/22/2026, 2:05:38 PM     LOG [RouterExplorer] Mapped {/internal/v1/bsp/admin/developer-config, PATCH} route +0ms
[service-provider] [Nest] 35164  - 06/22/2026, 2:05:38 PM     LOG [RouterExplorer] Mapped {/internal/v1/bsp/admin/esb-flow-list, GET} route +0ms
[service-provider] [Nest] 35164  - 06/22/2026, 2:05:38 PM     LOG [RouterExplorer] Mapped {/internal/v1/bsp/admin/apps, GET} route +0ms
[service-provider] [Nest] 35164  - 06/22/2026, 2:05:38 PM     LOG [RoutesResolver] ChannelController {/internal/v1/bsp/channels}: +0ms
[service-provider] [Nest] 35164  - 06/22/2026, 2:05:38 PM     LOG [RouterExplorer] Mapped {/internal/v1/bsp/channels/facebook/pages, GET} route +0ms
[service-provider] [Nest] 35164  - 06/22/2026, 2:05:38 PM     LOG [RouterExplorer] Mapped {/internal/v1/bsp/channels/instagram/accounts, GET} route +0ms
[service-provider] [Nest] 35164  - 06/22/2026, 2:05:38 PM     LOG [RouterExplorer] Mapped {/internal/v1/bsp/channels/:provider/send, POST} route +1ms
[service-provider] [Nest] 35164  - 06/22/2026, 2:05:38 PM     LOG [RouterExplorer] Mapped {/internal/v1/bsp/channels/:provider/webhook, POST} route +0ms
[service-provider] [BSP EventBus Consumer] Initializing connection to Redis...
[service-provider] [BSP EventBus Producer] Initializing connection to Redis...
[campaign-service] IMPORTANT! Eviction policy is volatile-lru. It should be "noeviction"
[websocket-gateway] [WebSocket Gateway] Connected to MongoDB
[websocket-gateway] [WebSocket Gateway] Redis Adapter connected successfully
[websocket-gateway] [WebSocket Gateway] Running at http://localhost:3009
[websocket-gateway] [WS Gateway EventBus] Successfully subscribed to 5 topics
[chat-service] [Chat Service EventBus] Successfully connected and subscribed to "parsed-message-events"
[chat-service] [SnoozeWorker] 🚀 Started (60s poll interval).
[chat-service] [Chat Service] Running at http://localhost:3008
[service-provider] [BSP EventBus Producer] Connected to Redis
[service-provider] [Nest] 35164  - 06/22/2026, 2:05:39 PM     LOG [WebhookSyncService] Automatic webhook subscription sync is disabled. Set AUTO_SYNC_WEBHOOKS_ON_BOOT=true to enable it.
[service-provider] [Nest] 35164  - 06/22/2026, 2:05:39 PM     LOG [NestApplication] Nest application successfully started +0ms
[service-provider] [Nest] 35164  - 06/22/2026, 2:05:39 PM     LOG [Bootstrap] BSP Service listening on port 3004
[service-provider] [Nest] 35164  - 06/22/2026, 2:05:39 PM     LOG [Bootstrap] Swagger UI: http://localhost:3004/docs
[automation-service] IMPORTANT! Eviction policy is volatile-lru. It should be "noeviction"
[service-provider] 2026-06-22T08:35:39.928Z [32minfo[39m (bsp-service) bsp.boot {"port":3004}
[automation-service] IMPORTANT! Eviction policy is volatile-lru. It should be "noeviction"
[billing-service] [Database] Connected to Billing Database
[websocket-gateway] [WebSocket Gateway] Authenticated user: 699c21048e96ba1b49ab6947
[websocket-gateway] [WebSocket Gateway] Agent socket connected: ylALuBpFKaL14l9HAAAB
[websocket-gateway] [WebSocket Gateway] User joined workspace room: workspace:699c21048e96ba1b49ab6945
[automation-service] [automation-scheduler] started — heartbeat every 60s
[automation-service] [IntegrationSync] 📅 Scheduler started — GoogleSheets (15m), Petpooja (5m).
[service-provider] [BSP EventBus Consumer] Successfully subscribed to topic "raw-webhook-events"
[automation-service] IMPORTANT! Eviction policy is volatile-lru. It should be "noeviction"
[websocket-gateway] [WebSocket Gateway] Authenticated user: 699c21048e96ba1b49ab6947
[websocket-gateway] [WebSocket Gateway] Agent socket connected: LNqOPCkeKEYTD3dHAAAD
[websocket-gateway] [WebSocket Gateway] User joined workspace room: workspace:699c21048e96ba1b49ab6945
[automation-service] IMPORTANT! Eviction policy is volatile-lru. It should be "noeviction"
[automation-service] IMPORTANT! Eviction policy is volatile-lru. It should be "noeviction"
[campaign-service] [CampaignEventBus] Redis consumer subscribed to 1 channels.
[billing-service] [BillingEventBus] Redis Producer connected.
[billing-service] [Billing Service] Listening on port 3003
[automation-service] IMPORTANT! Eviction policy is volatile-lru. It should be "noeviction"
[automation-service] IMPORTANT! Eviction policy is volatile-lru. It should be "noeviction"
[billing-service] [BillingEventBus] Redis consumer subscribed to 2 channels.
[automation-service] IMPORTANT! Eviction policy is volatile-lru. It should be "noeviction"
[billing-service] 2026-06-22T08:36:13.126Z [32minfo[39m (billing-service) [115ebbc4-226b-4934-9155-10c654380314] http.request {"method":"GET","url":"/pricing","status":200,"durationMs":347}
[websocket-gateway] [WebSocket Gateway] Socket disconnected: LNqOPCkeKEYTD3dHAAAD
[auth-service] [Redis] Connected to server.
[auth-service] [0mPOST /internal/v1/auth/verify-session [32m200[0m 13147.711 ms - 152750[0m
[billing-service] 2026-06-22T08:37:10.688Z [32minfo[39m (billing-service) [542e42f0-8342-4cbc-ad79-3780e6c66157] http.request {"method":"GET","url":"/api/billing/wallets/699c21048e96ba1b49ab6945","status":200,"durationMs":654}
[auth-service] [0mGET /session [36m304[0m 11857.873 ms - -[0m
[api-gateway] [0mGET /api/v1/auth/session [36m304[0m 25082.783 ms - -[0m
[websocket-gateway] [WebSocket Gateway] Authenticated user: 699c21048e96ba1b49ab6947
[websocket-gateway] [WebSocket Gateway] Agent socket connected: 27yxOv_mcIv8oiaCAAAF
[auth-service] [0mPOST /internal/v1/auth/verify-session [32m200[0m 297.631 ms - 152750[0m
[websocket-gateway] [WebSocket Gateway] User joined workspace room: workspace:699c21048e96ba1b49ab6945
[auth-service] [0mPOST /internal/v1/auth/verify-session [32m200[0m 298.195 ms - 152750[0m
[auth-service] [0mPOST /internal/v1/auth/verify-session [32m200[0m 735.282 ms - 152750[0m
[api-gateway] [0mGET /api/v1/workspace/waba [36m304[0m 775.864 ms - -[0m
[api-gateway] [0mGET /api/v1/contacts [36m304[0m 1853.435 ms - -[0m
[contact-service] [0mGET /api/v1/contacts [36m304[0m 1511.996 ms - -[0m
[auth-service] [0mGET /workspaces [36m304[0m 16510.280 ms - -[0m
[api-gateway] [0mGET /api/v1/auth/workspaces [36m304[0m 17264.170 ms - -[0m
[auth-service] [0mPOST /internal/v1/auth/verify-session [32m200[0m 171.840 ms - 152750[0m
[auth-service] [0mGET /workspaces [36m304[0m 23785.868 ms - -[0m
[api-gateway] [0mGET /api/v1/auth/workspaces [36m304[0m 23976.363 ms - -[0m
[auth-service] [0mPOST /internal/v1/auth/verify-session [32m200[0m 24122.766 ms - 152750[0m
[contact-service] [0mGET /api/v1/contacts [36m304[0m 2845.973 ms - -[0m
[api-gateway] [0mGET /api/v1/contacts [36m304[0m 26991.004 ms - -[0m
[campaign-service] IMPORTANT! Eviction policy is volatile-lru. It should be "noeviction"
[campaign-service] [CampaignWorker] Starting job repeat:campaign-maintenance-check:1782117600000 (campaign-check)
[campaign-service] [CampaignWorker] 🛠️ Running periodic maintenance...
[campaign-service] [CampaignWorker] ✅ Job repeat:campaign-maintenance-check:1782117600000 completed
[websocket-gateway] [WebSocket Gateway] Socket disconnected: 27yxOv_mcIv8oiaCAAAF
[auth-service] [0mPOST /internal/v1/auth/verify-session [32m200[0m 10346.863 ms - 152750[0m
[auth-service] [0mGET /session [32m200[0m 7005.365 ms - 2348[0m
[api-gateway] [0mGET /api/v1/auth/session [32m200[0m 17393.499 ms - 2348[0m
[websocket-gateway] [WebSocket Gateway] Authenticated user: 699c21048e96ba1b49ab6947
[websocket-gateway] [WebSocket Gateway] Agent socket connected: HqvUdK_BLNypxLPtAAAH
[websocket-gateway] [WebSocket Gateway] User joined workspace room: workspace:699c21048e96ba1b49ab6945
[auth-service] [0mPOST /internal/v1/auth/verify-session [32m200[0m 179.018 ms - 152750[0m
[auth-service] [0mPOST /internal/v1/auth/verify-session [32m200[0m 543.564 ms - 152750[0m
[auth-service] [0mPOST /internal/v1/auth/verify-session [32m200[0m 569.287 ms - 152750[0m
[api-gateway] [0mGET /api/v1/workspace/waba [36m304[0m 741.704 ms - -[0m
[contact-service] [0mGET /api/v1/contacts [36m304[0m 1174.806 ms - -[0m
[api-gateway] [0mGET /api/v1/contacts [36m304[0m 1368.860 ms - -[0m
[auth-service] [0mGET /workspaces [36m304[0m 7308.217 ms - -[0m
[api-gateway] [0mGET /api/v1/auth/workspaces [36m304[0m 7867.497 ms - -[0m
[auth-service] [0mPOST /internal/v1/auth/verify-session [32m200[0m 221.175 ms - 152750[0m
[auth-service] [0mGET /workspaces [36m304[0m 6881.569 ms - -[0m
[api-gateway] [0mGET /api/v1/auth/workspaces [36m304[0m 7121.918 ms - -[0m
[auth-service] [0mPOST /internal/v1/auth/verify-session [32m200[0m 18889.326 ms - 152750[0m
[contact-service] [0mPOST /api/v1/bulk/contacts/tag [32m200[0m 353.753 ms - 29[0m
[api-gateway] [0mPOST /api/v1/bulk/contacts/tag [32m200[0m 19309.927 ms - 29[0m
[auth-service] [0mPOST /internal/v1/auth/verify-session [32m200[0m 145.715 ms - 152750[0m
[api-gateway] [0mGET /api/v1/contacts [32m200[0m 1265.015 ms - 21159[0m
[contact-service] [0mGET /api/v1/contacts [32m200[0m 1113.774 ms - 21159[0m
[auth-service] [0mPOST /internal/v1/auth/verify-session [32m200[0m 6059.607 ms - 152750[0m
[contact-service] [0mPOST /api/v1/bulk/contacts/delete [32m200[0m 181.991 ms - 29[0m
[api-gateway] [0mPOST /api/v1/bulk/contacts/delete [32m200[0m 6271.345 ms - 29[0m
[auth-service] [0mPOST /internal/v1/auth/verify-session [32m200[0m 166.293 ms - 152750[0m
[contact-service] [0mGET /api/v1/contacts [32m200[0m 481.775 ms - 4897[0m
[api-gateway] [0mGET /api/v1/contacts [32m200[0m 655.729 ms - 4897[0m
[campaign-service] [CampaignWorker] Starting job repeat:campaign-maintenance-check:1782117900000 (campaign-check)
[campaign-service] [CampaignWorker] 🛠️ Running periodic maintenance...
[campaign-service] [CampaignWorker] ✅ Job repeat:campaign-maintenance-check:1782117900000 completed
[auth-service] [0mPOST /internal/v1/auth/verify-session [32m200[0m 8644.514 ms - 152750[0m
[contact-service] [Contact EventBus] REDIS_URL is not set. Contact events will be skipped.
[contact-service] [0mDELETE /api/v1/contacts/6a38ee53daf55f25139f5365 [32m200[0m 468.364 ms - 57[0m
[api-gateway] [0mDELETE /api/v1/contacts/6a38ee53daf55f25139f5365 [32m200[0m 9134.376 ms - 57[0m
[auth-service] [0mPOST /internal/v1/auth/verify-session [32m200[0m 156.876 ms - 152750[0m
[contact-service] [0mGET /api/v1/contacts [32m200[0m 308.894 ms - 4488[0m
[api-gateway] [0mGET /api/v1/contacts [32m200[0m 473.979 ms - 4488[0m
[campaign-service] [CampaignWorker] Starting job repeat:campaign-maintenance-check:1782118200000 (campaign-check)
[campaign-service] [CampaignWorker] 🛠️ Running periodic maintenance...
[campaign-service] [CampaignWorker] ✅ Job repeat:campaign-maintenance-check:1782118200000 completed
[automation-service] [GoogleSheets:Mock] Sync skipped - dependencies missing
[campaign-service] [CampaignWorker] Starting job repeat:campaign-maintenance-check:1782118500000 (campaign-check)
[campaign-service] [CampaignWorker] 🛠️ Running periodic maintenance...
[campaign-service] [CampaignWorker] ✅ Job repeat:campaign-maintenance-check:1782118500000 completed
[campaign-service] [CampaignWorker] Starting job repeat:campaign-maintenance-check:1782118800000 (campaign-check)
[campaign-service] [CampaignWorker] 🛠️ Running periodic maintenance...
[campaign-service] [CampaignWorker] ✅ Job repeat:campaign-maintenance-check:1782118800000 completed
[campaign-service] [CampaignWorker] Starting job repeat:campaign-maintenance-check:1782119100000 (campaign-check)
[campaign-service] [CampaignWorker] 🛠️ Running periodic maintenance...
[campaign-service] [CampaignWorker] ✅ Job repeat:campaign-maintenance-check:1782119100000 completed
[automation-service] [GoogleSheets:Mock] Sync skipped - dependencies missing
[auth-service] [0mPOST /internal/v1/auth/verify-session [32m200[0m 1787.293 ms - 152750[0m
[auth-service] [0mGET /workspaces [36m304[0m 1000.921 ms - -[0m
[api-gateway] [0mGET /api/v1/auth/workspaces [36m304[0m 2842.567 ms - -[0m
[auth-service] [0mPOST /internal/v1/auth/verify-session [32m200[0m 204.233 ms - 152750[0m
[auth-service] [0mPOST /internal/v1/auth/verify-session [32m200[0m 189.426 ms - 152750[0m
[auth-service] [0mPOST /internal/v1/auth/verify-session [32m200[0m 188.127 ms - 152750[0m
[api-gateway] [0mGET /api/v1/templates [36m304[0m 565.287 ms - -[0m
[api-gateway] [0mGET /api/v1/templates/categories [36m304[0m 562.166 ms - -[0m
[auth-service] [0mGET /workspaces [36m304[0m 1043.407 ms - -[0m
[api-gateway] [0mGET /api/v1/auth/workspaces [36m304[0m 1254.568 ms - -[0m
[campaign-service] [CampaignWorker] Starting job repeat:campaign-maintenance-check:1782119400000 (campaign-check)
[campaign-service] [CampaignWorker] 🛠️ Running periodic maintenance...
[campaign-service] [CampaignWorker] ✅ Job repeat:campaign-maintenance-check:1782119400000 completed
[auth-service] [0mPOST /internal/v1/auth/verify-session [32m200[0m 95.986 ms - 152750[0m
[api-gateway] [0mPOST /api/v1/templates/sync [32m201[0m 211.922 ms - 88[0m
[auth-service] [0mPOST /internal/v1/auth/verify-session [32m200[0m 71.748 ms - 152750[0m
[api-gateway] [0mGET /api/v1/templates [36m304[0m 201.378 ms - -[0m
[auth-service] [0mPOST /internal/v1/auth/verify-session [32m200[0m 104.217 ms - 152750[0m
[auth-service] [0mGET /workspaces [36m304[0m 829.060 ms - -[0m
[api-gateway] [0mGET /api/v1/auth/workspaces [36m304[0m 956.673 ms - -[0m
[auth-service] [0mPOST /internal/v1/auth/verify-session [32m200[0m 86.169 ms - 152750[0m
[auth-service] [0mGET /workspaces [36m304[0m 824.303 ms - -[0m
[api-gateway] [0mGET /api/v1/auth/workspaces [36m304[0m 926.967 ms - -[0m
[campaign-service] [CampaignWorker] Starting job repeat:campaign-maintenance-check:1782119700000 (campaign-check)
[campaign-service] [CampaignWorker] 🛠️ Running periodic maintenance...
[campaign-service] [CampaignWorker] ✅ Job repeat:campaign-maintenance-check:1782119700000 completed
