t=2026-04-10T15:35:31+0530 lvl=info msg="no configuration paths supplied"
t=2026-04-10T15:35:31+0530 lvl=info msg="using configuration at default config path" path="/Users/vivek/Library/Application Support/ngrok/ngrok.yml"
t=2026-04-10T15:35:31+0530 lvl=info msg="open config file" path="/Users/vivek/Library/Application Support/ngrok/ngrok.yml" err=nil
t=2026-04-10T15:35:31+0530 lvl=info msg="FIPS 140 mode" enabled=false
t=2026-04-10T15:35:31+0530 lvl=info msg="starting web service" obj=web addr=127.0.0.1:4040 allow_hosts=[]
t=2026-04-10T15:35:31+0530 lvl=info msg="client session established" obj=tunnels.session
t=2026-04-10T15:35:31+0530 lvl=info msg="tunnel session started" obj=tunnels.session
t=2026-04-10T15:35:31+0530 lvl=info msg="started tunnel" obj=tunnels name=command_line addr=http://localhost:5001 url=https://d1f3-2409-40d1-101c-9e69-7987-8421-1cbe-8fb.ngrok-free.app
t=2026-04-10T15:35:32+0530 lvl=info msg="update available" obj=updater
t=2026-04-10T15:35:36+0530 lvl=info msg=start pg=/api/tunnels id=5c0ef2ecc32a8744
t=2026-04-10T15:35:36+0530 lvl=info msg=end pg=/api/tunnels id=5c0ef2ecc32a8744 status=200 dur=389.208µs
t=2026-04-10T15:45:18+0530 lvl=info msg="join connections" obj=join id=c2b1360e7cb5 l=[::1]:5001 r=15.206.217.7:33600
t=2026-04-10T15:45:20+0530 lvl=info msg="join connections" obj=join id=1e9839208f15 l=[::1]:5001 r=15.206.217.7:24846
t=2026-04-10T15:53:16+0530 lvl=eror msg="heartbeat timeout, terminating session" obj=tunnels.session obj=csess id=1cd931590c61 clientid=a7f13244281f5ec912308eb0abfeabc5
t=2026-04-10T15:53:16+0530 lvl=eror msg="session closed, starting reconnect loop" obj=tunnels.session obj=csess id=0b65b677c249 err="session closed"
t=2026-04-10T15:53:17+0530 lvl=info msg="client session established" obj=tunnels.session
t=2026-04-10T15:53:17+0530 lvl=info msg="tunnel session started" obj=tunnels.session
t=2026-04-10T16:16:14+0530 lvl=info msg="join connections" obj=join id=ba5de5bb7248 l=[::1]:5001 r=15.206.217.7:48075
t=2026-04-10T20:40:38+0530 lvl=eror msg="heartbeat timeout, terminating session" obj=tunnels.session obj=csess id=655a316078e2 clientid=a7f13244281f5ec912308eb0abfeabc5
t=2026-04-10T20:40:38+0530 lvl=eror msg="session closed, starting reconnect loop" obj=tunnels.session obj=csess id=0b65b677c249 err="session closed"
t=2026-04-10T20:40:38+0530 lvl=eror msg="failed to reconnect session" obj=tunnels.session err="failed to dial ngrok server with address \"connect.ngrok-agent.com:443\": dial tcp: lookup connect.ngrok-agent.com: no such host"
t=2026-04-10T20:40:39+0530 lvl=eror msg="failed to reconnect session" obj=tunnels.session err="failed to dial ngrok server with address \"connect.ngrok-agent.com:443\": dial tcp: lookup connect.ngrok-agent.com: no such host"
t=2026-04-10T20:40:40+0530 lvl=eror msg="failed to reconnect session" obj=tunnels.session err="failed to dial ngrok server with address \"connect.ngrok-agent.com:443\": dial tcp: lookup connect.ngrok-agent.com: no such host"
t=2026-04-10T20:40:42+0530 lvl=eror msg="failed to reconnect session" obj=tunnels.session err="failed to dial ngrok server with address \"connect.ngrok-agent.com:443\": dial tcp: lookup connect.ngrok-agent.com: no such host"
t=2026-04-10T20:40:46+0530 lvl=eror msg="failed to reconnect session" obj=tunnels.session err="failed to dial ngrok server with address \"connect.ngrok-agent.com:443\": dial tcp: lookup connect.ngrok-agent.com: no such host"
t=2026-04-10T20:40:56+0530 lvl=eror msg="failed to reconnect session" obj=tunnels.session err="failed to dial ngrok server with address \"connect.ngrok-agent.com:443\": dial tcp: lookup connect.ngrok-agent.com: no such host"
t=2026-04-10T20:41:22+0530 lvl=eror msg="failed to reconnect session" obj=tunnels.session err="failed to dial ngrok server with address \"connect.ngrok-agent.com:443\": dial tcp: lookup connect.ngrok-agent.com: i/o timeout"
t=2026-04-10T20:42:02+0530 lvl=eror msg="failed to reconnect session" obj=tunnels.session err="failed to dial ngrok server with address \"connect.ngrok-agent.com:443\": dial tcp 3.108.166.207:443: i/o timeout"
t=2026-04-10T20:42:42+0530 lvl=eror msg="failed to reconnect session" obj=tunnels.session err="failed to dial ngrok server with address \"connect.ngrok-agent.com:443\": dial tcp: lookup connect.ngrok-agent.com: i/o timeout"
t=2026-04-10T20:57:22+0530 lvl=eror msg="failed to reconnect session" obj=tunnels.session err="failed to dial ngrok server with address \"connect.ngrok-agent.com:443\": dial tcp 3.108.208.206:443: i/o timeout"
t=2026-04-10T20:57:52+0530 lvl=eror msg="failed to reconnect session" obj=tunnels.session err="failed to dial ngrok server with address \"connect.ngrok-agent.com:443\": dial tcp: lookup connect.ngrok-agent.com: no such host"
t=2026-04-10T20:58:32+0530 lvl=eror msg="failed to reconnect session" obj=tunnels.session err="failed to dial ngrok server with address \"connect.ngrok-agent.com:443\": dial tcp: lookup connect.ngrok-agent.com: i/o timeout"
t=2026-04-10T20:59:12+0530 lvl=eror msg="failed to reconnect session" obj=tunnels.session err="failed to dial ngrok server with address \"connect.ngrok-agent.com:443\": dial tcp 3.108.187.139:443: i/o timeout"
t=2026-04-10T21:00:02+0530 lvl=eror msg="failed to reconnect session" obj=tunnels.session err="failed to send authentication request: EOF"
t=2026-04-10T21:00:32+0530 lvl=eror msg="failed to reconnect session" obj=tunnels.session err="failed to dial ngrok server with address \"connect.ngrok-agent.com:443\": dial tcp: lookup connect.ngrok-agent.com: no such host"
t=2026-04-10T21:01:12+0530 lvl=eror msg="failed to reconnect session" obj=tunnels.session err="failed to dial ngrok server with address \"connect.ngrok-agent.com:443\": dial tcp: lookup connect.ngrok-agent.com: i/o timeout"
t=2026-04-10T21:01:42+0530 lvl=eror msg="failed to reconnect session" obj=tunnels.session err="failed to dial ngrok server with address \"connect.ngrok-agent.com:443\": dial tcp: lookup connect.ngrok-agent.com: no such host"
t=2026-04-10T21:02:12+0530 lvl=eror msg="failed to reconnect session" obj=tunnels.session err="failed to dial ngrok server with address \"connect.ngrok-agent.com:443\": dial tcp: lookup connect.ngrok-agent.com: no such host"
t=2026-04-10T21:02:42+0530 lvl=eror msg="failed to reconnect session" obj=tunnels.session err="failed to dial ngrok server with address \"connect.ngrok-agent.com:443\": dial tcp: lookup connect.ngrok-agent.com: no such host"
t=2026-04-10T21:03:12+0530 lvl=eror msg="failed to reconnect session" obj=tunnels.session err="failed to dial ngrok server with address \"connect.ngrok-agent.com:443\": dial tcp: lookup connect.ngrok-agent.com: no such host"
t=2026-04-10T21:03:42+0530 lvl=eror msg="failed to reconnect session" obj=tunnels.session err="failed to dial ngrok server with address \"connect.ngrok-agent.com:443\": dial tcp: lookup connect.ngrok-agent.com: no such host"
t=2026-04-10T21:04:12+0530 lvl=eror msg="failed to reconnect session" obj=tunnels.session err="failed to dial ngrok server with address \"connect.ngrok-agent.com:443\": dial tcp: lookup connect.ngrok-agent.com: no such host"
t=2026-04-10T21:04:42+0530 lvl=eror msg="failed to reconnect session" obj=tunnels.session err="failed to dial ngrok server with address \"connect.ngrok-agent.com:443\": dial tcp: lookup connect.ngrok-agent.com: no such host"
t=2026-04-10T21:05:12+0530 lvl=eror msg="failed to reconnect session" obj=tunnels.session err="failed to dial ngrok server with address \"connect.ngrok-agent.com:443\": dial tcp: lookup connect.ngrok-agent.com: no such host"
t=2026-04-10T21:05:42+0530 lvl=eror msg="failed to reconnect session" obj=tunnels.session err="failed to dial ngrok server with address \"connect.ngrok-agent.com:443\": dial tcp: lookup connect.ngrok-agent.com: no such host"
t=2026-04-10T21:06:20+0530 lvl=info msg="client session established" obj=tunnels.session
t=2026-04-10T21:06:20+0530 lvl=info msg="tunnel session started" obj=tunnels.session
t=2026-04-10T21:08:45+0530 lvl=eror msg="heartbeat timeout, terminating session" obj=tunnels.session obj=csess id=712ce0872879 clientid=a7f13244281f5ec912308eb0abfeabc5
t=2026-04-10T21:08:45+0530 lvl=eror msg="session closed, starting reconnect loop" obj=tunnels.session obj=csess id=0b65b677c249 err="session closed"
t=2026-04-10T21:08:55+0530 lvl=eror msg="failed to reconnect session" obj=tunnels.session err="failed to dial ngrok server with address \"connect.ngrok-agent.com:443\": dial tcp: lookup connect.ngrok-agent.com: i/o timeout"
t=2026-04-10T21:09:13+0530 lvl=info msg="client session established" obj=tunnels.session
t=2026-04-10T21:09:13+0530 lvl=info msg="tunnel session started" obj=tunnels.session
t=2026-04-10T21:18:14+0530 lvl=eror msg="session closed, starting reconnect loop" obj=tunnels.session obj=csess id=0b65b677c249 err="read tcp [2402:8100:2aa2:391a:cc13:a1a0:e892:d403]:52141->[2406:da1a:e91:9302:5f2c:118e:bcf2:c8bb]:443: read: connection reset by peer"
t=2026-04-10T21:18:16+0530 lvl=info msg="client session established" obj=tunnels.session
t=2026-04-10T21:18:16+0530 lvl=info msg="tunnel session started" obj=tunnels.session
t=2026-04-10T21:18:17+0530 lvl=eror msg="heartbeat timeout, terminating session" obj=tunnels.session obj=csess id=588664528192 clientid=a7f13244281f5ec912308eb0abfeabc5
t=2026-04-10T21:52:21+0530 lvl=info msg="update available" obj=updater
t=2026-04-11T00:50:56+0530 lvl=eror msg="heartbeat timeout, terminating session" obj=tunnels.session obj=csess id=414b77ef24a2 clientid=a7f13244281f5ec912308eb0abfeabc5
t=2026-04-11T00:50:56+0530 lvl=eror msg="session closed, starting reconnect loop" obj=tunnels.session obj=csess id=0b65b677c249 err="session closed"
t=2026-04-11T00:50:57+0530 lvl=info msg="client session established" obj=tunnels.session
t=2026-04-11T00:50:57+0530 lvl=info msg="tunnel session started" obj=tunnels.session
